#-----------------------------------------------------------
# Vivado v2018.3 (64-bit)
# SW Build 2405991 on Thu Dec  6 23:38:27 MST 2018
# IP Build 2404404 on Fri Dec  7 01:43:56 MST 2018
# Start of session at: Fri May  8 20:37:18 2020
# Process ID: 19536
# Current directory: C:/Users/tongplw/Desktop/Undertale
# Command line: vivado.exe -gui_launcher_event rodinguilauncherevent9132 C:\Users\tongplw\Desktop\Undertale\Undertale.xpr
# Log file: C:/Users/tongplw/Desktop/Undertale/vivado.log
# Journal file: C:/Users/tongplw/Desktop/Undertale\vivado.jou
#-----------------------------------------------------------
start_gui
open_project C:/Users/tongplw/Desktop/Undertale/Undertale.xpr
Scanning sources...
Finished scanning sources
INFO: [IP_Flow 19-234] Refreshing IP repositories
INFO: [IP_Flow 19-1704] No user IP repositories specified
INFO: [IP_Flow 19-2313] Loaded Vivado IP repository 'C:/Xilinx/Vivado/2018.3/data/ip'.
open_project: Time (s): cpu = 00:00:27 ; elapsed = 00:00:15 . Memory (MB): peak = 750.551 ; gain = 172.563
update_compile_order -fileset sources_1
launch_runs impl_1 -to_step write_bitstream -jobs 4
[Fri May  8 20:52:10 2020] Launched synth_1...
Run output will be captured here: C:/Users/tongplw/Desktop/Undertale/Undertale.runs/synth_1/runme.log
[Fri May  8 20:52:10 2020] Launched impl_1...
Run output will be captured here: C:/Users/tongplw/Desktop/Undertale/Undertale.runs/impl_1/runme.log
reset_run synth_1
exit
INFO: [Common 17-206] Exiting Vivado at Fri May  8 21:01:22 2020...
