
*** Running vivado
    with args -log undertale.vdi -applog -m64 -product Vivado -messageDb vivado.pb -mode batch -source undertale.tcl -notrace


****** Vivado v2018.3 (64-bit)
  **** SW Build 2405991 on Thu Dec  6 23:38:27 MST 2018
  **** IP Build 2404404 on Fri Dec  7 01:43:56 MST 2018
    ** Copyright 1986-2018 Xilinx, Inc. All Rights Reserved.

source undertale.tcl -notrace
Command: link_design -top undertale -part xc7a35tcpg236-1
Design is defaulting to srcset: sources_1
Design is defaulting to constrset: constrs_1
INFO: [Netlist 29-17] Analyzing 40 Unisim elements for replacement
INFO: [Netlist 29-28] Unisim Transformation completed in 0 CPU seconds
INFO: [Project 1-479] Netlist was created with Vivado 2018.3
INFO: [Device 21-403] Loading part xc7a35tcpg236-1
INFO: [Project 1-570] Preparing netlist for logic optimization
Parsing XDC File [C:/Users/tongplw/Desktop/undertale-verilog/Undertale.srcs/constrs_1/new/Basys 3 Master.xdc]
Finished Parsing XDC File [C:/Users/tongplw/Desktop/undertale-verilog/Undertale.srcs/constrs_1/new/Basys 3 Master.xdc]
INFO: [Opt 31-138] Pushed 0 inverter(s) to 0 load pin(s).
Netlist sorting complete. Time (s): cpu = 00:00:00 ; elapsed = 00:00:00 . Memory (MB): peak = 590.578 ; gain = 0.000
INFO: [Project 1-111] Unisim Transformation Summary:
No Unisim elements were transformed.

7 Infos, 0 Warnings, 0 Critical Warnings and 0 Errors encountered.
link_design completed successfully
link_design: Time (s): cpu = 00:00:11 ; elapsed = 00:00:13 . Memory (MB): peak = 590.578 ; gain = 318.727
Command: opt_design
Attempting to get a license for feature 'Implementation' and/or device 'xc7a35t'
INFO: [Common 17-349] Got license for feature 'Implementation' and/or device 'xc7a35t'
Running DRC as a precondition to command opt_design

Starting DRC Task
INFO: [DRC 23-27] Running DRC with 2 threads
INFO: [Project 1-461] DRC finished with 0 Errors
INFO: [Project 1-462] Please refer to the DRC report (report_drc) for more information.

Time (s): cpu = 00:00:03 ; elapsed = 00:00:02 . Memory (MB): peak = 602.277 ; gain = 11.699

Starting Cache Timing Information Task
INFO: [Timing 38-35] Done setting XDC timing constraints.
Ending Cache Timing Information Task | Checksum: efce1bbe

Time (s): cpu = 00:00:19 ; elapsed = 00:00:20 . Memory (MB): peak = 1109.793 ; gain = 507.516

Starting Logic Optimization Task

Phase 1 Retarget
INFO: [Opt 31-138] Pushed 0 inverter(s) to 0 load pin(s).
INFO: [Opt 31-49] Retargeted 0 cell(s).
Phase 1 Retarget | Checksum: efce1bbe

Time (s): cpu = 00:00:00 ; elapsed = 00:00:00.087 . Memory (MB): peak = 1207.145 ; gain = 0.000
INFO: [Opt 31-389] Phase Retarget created 0 cells and removed 0 cells

Phase 2 Constant propagation
INFO: [Opt 31-138] Pushed 0 inverter(s) to 0 load pin(s).
Phase 2 Constant propagation | Checksum: cbd01bd3

Time (s): cpu = 00:00:00 ; elapsed = 00:00:00.108 . Memory (MB): peak = 1207.145 ; gain = 0.000
INFO: [Opt 31-389] Phase Constant propagation created 0 cells and removed 0 cells

Phase 3 Sweep
Phase 3 Sweep | Checksum: 19db66ef4

Time (s): cpu = 00:00:00 ; elapsed = 00:00:00.154 . Memory (MB): peak = 1207.145 ; gain = 0.000
INFO: [Opt 31-389] Phase Sweep created 0 cells and removed 0 cells

Phase 4 BUFG optimization
Phase 4 BUFG optimization | Checksum: 19db66ef4

Time (s): cpu = 00:00:00 ; elapsed = 00:00:00.180 . Memory (MB): peak = 1207.145 ; gain = 0.000
INFO: [Opt 31-662] Phase BUFG optimization created 0 cells of which 0 are BUFGs and removed 0 cells.

Phase 5 Shift Register Optimization
Phase 5 Shift Register Optimization | Checksum: 95010fbc

Time (s): cpu = 00:00:00 ; elapsed = 00:00:00.235 . Memory (MB): peak = 1207.145 ; gain = 0.000
INFO: [Opt 31-389] Phase Shift Register Optimization created 0 cells and removed 0 cells

Phase 6 Post Processing Netlist
Phase 6 Post Processing Netlist | Checksum: 95010fbc

Time (s): cpu = 00:00:00 ; elapsed = 00:00:00.239 . Memory (MB): peak = 1207.145 ; gain = 0.000
INFO: [Opt 31-389] Phase Post Processing Netlist created 0 cells and removed 0 cells
Opt_design Change Summary
=========================


-------------------------------------------------------------------------------------------------------------------------
|  Phase                        |  #Cells created  |  #Cells Removed  |  #Constrained objects preventing optimizations  |
-------------------------------------------------------------------------------------------------------------------------
|  Retarget                     |               0  |               0  |                                              0  |
|  Constant propagation         |               0  |               0  |                                              0  |
|  Sweep                        |               0  |               0  |                                              0  |
|  BUFG optimization            |               0  |               0  |                                              0  |
|  Shift Register Optimization  |               0  |               0  |                                              0  |
|  Post Processing Netlist      |               0  |               0  |                                              0  |
-------------------------------------------------------------------------------------------------------------------------



Starting Connectivity Check Task

Time (s): cpu = 00:00:00 ; elapsed = 00:00:00.002 . Memory (MB): peak = 1207.145 ; gain = 0.000
Ending Logic Optimization Task | Checksum: 95010fbc

Time (s): cpu = 00:00:00 ; elapsed = 00:00:00.244 . Memory (MB): peak = 1207.145 ; gain = 0.000

Starting Power Optimization Task
INFO: [Pwropt 34-132] Skipping clock gating for clocks with a period < 2.00 ns.
Ending Power Optimization Task | Checksum: 95010fbc

Time (s): cpu = 00:00:00 ; elapsed = 00:00:00.013 . Memory (MB): peak = 1207.145 ; gain = 0.000

Starting Final Cleanup Task
Ending Final Cleanup Task | Checksum: 95010fbc

Time (s): cpu = 00:00:00 ; elapsed = 00:00:00 . Memory (MB): peak = 1207.145 ; gain = 0.000

Starting Netlist Obfuscation Task
Netlist sorting complete. Time (s): cpu = 00:00:00 ; elapsed = 00:00:00 . Memory (MB): peak = 1207.145 ; gain = 0.000
Ending Netlist Obfuscation Task | Checksum: 95010fbc

Time (s): cpu = 00:00:00 ; elapsed = 00:00:00 . Memory (MB): peak = 1207.145 ; gain = 0.000
INFO: [Common 17-83] Releasing license: Implementation
23 Infos, 0 Warnings, 0 Critical Warnings and 0 Errors encountered.
opt_design completed successfully
opt_design: Time (s): cpu = 00:00:23 ; elapsed = 00:00:23 . Memory (MB): peak = 1207.145 ; gain = 616.566
Netlist sorting complete. Time (s): cpu = 00:00:00 ; elapsed = 00:00:00.001 . Memory (MB): peak = 1207.145 ; gain = 0.000
INFO: [Timing 38-480] Writing timing data to binary archive.
Writing placer database...
Writing XDEF routing.
Writing XDEF routing logical nets.
Writing XDEF routing special nets.
Write XDEF Complete: Time (s): cpu = 00:00:00 ; elapsed = 00:00:00.058 . Memory (MB): peak = 1207.145 ; gain = 0.000
Netlist sorting complete. Time (s): cpu = 00:00:00 ; elapsed = 00:00:00 . Memory (MB): peak = 1207.145 ; gain = 0.000
INFO: [Common 17-1381] The checkpoint 'C:/Users/tongplw/Desktop/undertale-verilog/Undertale.runs/impl_1/undertale_opt.dcp' has been generated.
INFO: [runtcl-4] Executing : report_drc -file undertale_drc_opted.rpt -pb undertale_drc_opted.pb -rpx undertale_drc_opted.rpx
Command: report_drc -file undertale_drc_opted.rpt -pb undertale_drc_opted.pb -rpx undertale_drc_opted.rpx
INFO: [IP_Flow 19-234] Refreshing IP repositories
INFO: [IP_Flow 19-1704] No user IP repositories specified
INFO: [IP_Flow 19-2313] Loaded Vivado IP repository 'C:/Xilinx/Vivado/2018.3/data/ip'.
INFO: [DRC 23-27] Running DRC with 2 threads
INFO: [Coretcl 2-168] The results of DRC are in file C:/Users/tongplw/Desktop/undertale-verilog/Undertale.runs/impl_1/undertale_drc_opted.rpt.
report_drc completed successfully
Command: place_design
Attempting to get a license for feature 'Implementation' and/or device 'xc7a35t'
INFO: [Common 17-349] Got license for feature 'Implementation' and/or device 'xc7a35t'
INFO: [DRC 23-27] Running DRC with 2 threads
INFO: [Vivado_Tcl 4-198] DRC finished with 0 Errors
INFO: [Vivado_Tcl 4-199] Please refer to the DRC report (report_drc) for more information.
Running DRC as a precondition to command place_design
INFO: [DRC 23-27] Running DRC with 2 threads
INFO: [Vivado_Tcl 4-198] DRC finished with 0 Errors
INFO: [Vivado_Tcl 4-199] Please refer to the DRC report (report_drc) for more information.

Starting Placer Task
INFO: [Place 30-611] Multithreading enabled for place_design using a maximum of 2 CPUs

Phase 1 Placer Initialization

Phase 1.1 Placer Initialization Netlist Sorting
Netlist sorting complete. Time (s): cpu = 00:00:00 ; elapsed = 00:00:00 . Memory (MB): peak = 1207.145 ; gain = 0.000
Phase 1.1 Placer Initialization Netlist Sorting | Checksum: 4ebcaa15

Time (s): cpu = 00:00:00 ; elapsed = 00:00:00.023 . Memory (MB): peak = 1207.145 ; gain = 0.000
Netlist sorting complete. Time (s): cpu = 00:00:00 ; elapsed = 00:00:00.001 . Memory (MB): peak = 1207.145 ; gain = 0.000

Phase 1.2 IO Placement/ Clock Placement/ Build Placer Device
INFO: [Timing 38-35] Done setting XDC timing constraints.
Phase 1.2 IO Placement/ Clock Placement/ Build Placer Device | Checksum: 8fbf05d0

Time (s): cpu = 00:00:03 ; elapsed = 00:00:02 . Memory (MB): peak = 1216.363 ; gain = 9.219

Phase 1.3 Build Placer Netlist Model
Phase 1.3 Build Placer Netlist Model | Checksum: 962a0e88

Time (s): cpu = 00:00:04 ; elapsed = 00:00:03 . Memory (MB): peak = 1225.453 ; gain = 18.309

Phase 1.4 Constrain Clocks/Macros
Phase 1.4 Constrain Clocks/Macros | Checksum: 962a0e88

Time (s): cpu = 00:00:04 ; elapsed = 00:00:03 . Memory (MB): peak = 1225.453 ; gain = 18.309
Phase 1 Placer Initialization | Checksum: 962a0e88

Time (s): cpu = 00:00:04 ; elapsed = 00:00:03 . Memory (MB): peak = 1225.453 ; gain = 18.309

Phase 2 Global Placement

Phase 2.1 Floorplanning
Phase 2.1 Floorplanning | Checksum: b2bd3291

Time (s): cpu = 00:00:04 ; elapsed = 00:00:03 . Memory (MB): peak = 1225.453 ; gain = 18.309

Phase 2.2 Physical Synthesis In Placer
INFO: [Physopt 32-65] No nets found for high-fanout optimization.
INFO: [Physopt 32-232] Optimized 0 net. Created 0 new instance.
INFO: [Physopt 32-775] End 1 Pass. Optimized 0 net or cell. Created 0 new cell, deleted 0 existing cell and moved 0 existing cell
INFO: [Physopt 32-670] No setup violation found.  DSP Register Optimization was not performed.
INFO: [Physopt 32-670] No setup violation found.  Shift Register Optimization was not performed.
INFO: [Physopt 32-670] No setup violation found.  BRAM Register Optimization was not performed.
INFO: [Physopt 32-949] No candidate nets found for HD net replication
INFO: [Physopt 32-775] End 1 Pass. Optimized 0 net or cell. Created 0 new cell, deleted 0 existing cell and moved 0 existing cell
Netlist sorting complete. Time (s): cpu = 00:00:00 ; elapsed = 00:00:00 . Memory (MB): peak = 1225.453 ; gain = 0.000

Summary of Physical Synthesis Optimizations
============================================


----------------------------------------------------------------------------------------------------------------------------------------
|  Optimization                  |  Added Cells  |  Removed Cells  |  Optimized Cells/Nets  |  Dont Touch  |  Iterations  |  Elapsed   |
----------------------------------------------------------------------------------------------------------------------------------------
|  Very High Fanout              |            0  |              0  |                     0  |           0  |           1  |  00:00:00  |
|  DSP Register                  |            0  |              0  |                     0  |           0  |           0  |  00:00:00  |
|  Shift Register                |            0  |              0  |                     0  |           0  |           0  |  00:00:00  |
|  BRAM Register                 |            0  |              0  |                     0  |           0  |           0  |  00:00:00  |
|  HD Interface Net Replication  |            0  |              0  |                     0  |           0  |           1  |  00:00:00  |
|  Total                         |            0  |              0  |                     0  |           0  |           2  |  00:00:00  |
----------------------------------------------------------------------------------------------------------------------------------------


Phase 2.2 Physical Synthesis In Placer | Checksum: 15601510b

Time (s): cpu = 00:00:08 ; elapsed = 00:00:05 . Memory (MB): peak = 1225.453 ; gain = 18.309
Phase 2 Global Placement | Checksum: 1f668efb7

Time (s): cpu = 00:00:09 ; elapsed = 00:00:06 . Memory (MB): peak = 1225.453 ; gain = 18.309

Phase 3 Detail Placement

Phase 3.1 Commit Multi Column Macros
Phase 3.1 Commit Multi Column Macros | Checksum: 1f668efb7

Time (s): cpu = 00:00:09 ; elapsed = 00:00:06 . Memory (MB): peak = 1225.453 ; gain = 18.309

Phase 3.2 Commit Most Macros & LUTRAMs
Phase 3.2 Commit Most Macros & LUTRAMs | Checksum: ef1b3b59

Time (s): cpu = 00:00:09 ; elapsed = 00:00:06 . Memory (MB): peak = 1225.453 ; gain = 18.309

Phase 3.3 Area Swap Optimization
Phase 3.3 Area Swap Optimization | Checksum: 16b1e4a77

Time (s): cpu = 00:00:09 ; elapsed = 00:00:06 . Memory (MB): peak = 1225.453 ; gain = 18.309

Phase 3.4 Pipeline Register Optimization
Phase 3.4 Pipeline Register Optimization | Checksum: 11dfd8f1a

Time (s): cpu = 00:00:09 ; elapsed = 00:00:06 . Memory (MB): peak = 1225.453 ; gain = 18.309

Phase 3.5 Small Shape Detail Placement
Phase 3.5 Small Shape Detail Placement | Checksum: 1544e7063

Time (s): cpu = 00:00:09 ; elapsed = 00:00:06 . Memory (MB): peak = 1225.453 ; gain = 18.309

Phase 3.6 Re-assign LUT pins
Phase 3.6 Re-assign LUT pins | Checksum: 15876e3b5

Time (s): cpu = 00:00:09 ; elapsed = 00:00:06 . Memory (MB): peak = 1225.453 ; gain = 18.309

Phase 3.7 Pipeline Register Optimization
Phase 3.7 Pipeline Register Optimization | Checksum: 125568050

Time (s): cpu = 00:00:09 ; elapsed = 00:00:06 . Memory (MB): peak = 1225.453 ; gain = 18.309
Phase 3 Detail Placement | Checksum: 125568050

Time (s): cpu = 00:00:09 ; elapsed = 00:00:06 . Memory (MB): peak = 1225.453 ; gain = 18.309

Phase 4 Post Placement Optimization and Clean-Up

Phase 4.1 Post Commit Optimization
INFO: [Timing 38-35] Done setting XDC timing constraints.

Phase 4.1.1 Post Placement Optimization
Post Placement Optimization Initialization | Checksum: 1b33540c8

Phase 4.1.1.1 BUFG Insertion
INFO: [Place 46-46] BUFG insertion identified 0 candidate nets, 0 success, 0 bufg driver replicated, 0 skipped for placement/routing, 0 skipped for timing, 0 skipped for netlist change reason
Phase 4.1.1.1 BUFG Insertion | Checksum: 1b33540c8

Time (s): cpu = 00:00:10 ; elapsed = 00:00:07 . Memory (MB): peak = 1226.980 ; gain = 19.836
INFO: [Place 30-746] Post Placement Timing Summary WNS=4.059. For the most accurate timing information please run report_timing.
Phase 4.1.1 Post Placement Optimization | Checksum: 1a94d543e

Time (s): cpu = 00:00:10 ; elapsed = 00:00:07 . Memory (MB): peak = 1226.980 ; gain = 19.836
Phase 4.1 Post Commit Optimization | Checksum: 1a94d543e

Time (s): cpu = 00:00:10 ; elapsed = 00:00:07 . Memory (MB): peak = 1226.980 ; gain = 19.836

Phase 4.2 Post Placement Cleanup
Phase 4.2 Post Placement Cleanup | Checksum: 1a94d543e

Time (s): cpu = 00:00:10 ; elapsed = 00:00:07 . Memory (MB): peak = 1226.980 ; gain = 19.836

Phase 4.3 Placer Reporting
Phase 4.3 Placer Reporting | Checksum: 1a94d543e

Time (s): cpu = 00:00:10 ; elapsed = 00:00:07 . Memory (MB): peak = 1226.980 ; gain = 19.836

Phase 4.4 Final Placement Cleanup
Netlist sorting complete. Time (s): cpu = 00:00:00 ; elapsed = 00:00:00 . Memory (MB): peak = 1226.980 ; gain = 0.000
Phase 4.4 Final Placement Cleanup | Checksum: 1bd6a67d2

Time (s): cpu = 00:00:10 ; elapsed = 00:00:07 . Memory (MB): peak = 1226.980 ; gain = 19.836
Phase 4 Post Placement Optimization and Clean-Up | Checksum: 1bd6a67d2

Time (s): cpu = 00:00:10 ; elapsed = 00:00:07 . Memory (MB): peak = 1226.980 ; gain = 19.836
Ending Placer Task | Checksum: 1a0d5533e

Time (s): cpu = 00:00:10 ; elapsed = 00:00:07 . Memory (MB): peak = 1226.980 ; gain = 19.836
INFO: [Common 17-83] Releasing license: Implementation
52 Infos, 0 Warnings, 0 Critical Warnings and 0 Errors encountered.
place_design completed successfully
place_design: Time (s): cpu = 00:00:13 ; elapsed = 00:00:09 . Memory (MB): peak = 1226.980 ; gain = 19.836
Netlist sorting complete. Time (s): cpu = 00:00:00 ; elapsed = 00:00:00 . Memory (MB): peak = 1226.980 ; gain = 0.000
INFO: [Timing 38-480] Writing timing data to binary archive.
Writing placer database...
Writing XDEF routing.
Writing XDEF routing logical nets.
Writing XDEF routing special nets.
Netlist sorting complete. Time (s): cpu = 00:00:00 ; elapsed = 00:00:00.001 . Memory (MB): peak = 1235.430 ; gain = 0.000
Write XDEF Complete: Time (s): cpu = 00:00:01 ; elapsed = 00:00:00.200 . Memory (MB): peak = 1235.430 ; gain = 8.449
INFO: [Common 17-1381] The checkpoint 'C:/Users/tongplw/Desktop/undertale-verilog/Undertale.runs/impl_1/undertale_placed.dcp' has been generated.
INFO: [runtcl-4] Executing : report_io -file undertale_io_placed.rpt
report_io: Time (s): cpu = 00:00:00 ; elapsed = 00:00:00.098 . Memory (MB): peak = 1236.305 ; gain = 0.000
INFO: [runtcl-4] Executing : report_utilization -file undertale_utilization_placed.rpt -pb undertale_utilization_placed.pb
INFO: [runtcl-4] Executing : report_control_sets -verbose -file undertale_control_sets_placed.rpt
report_control_sets: Time (s): cpu = 00:00:00 ; elapsed = 00:00:00.017 . Memory (MB): peak = 1236.305 ; gain = 0.000
Command: route_design
Attempting to get a license for feature 'Implementation' and/or device 'xc7a35t'
INFO: [Common 17-349] Got license for feature 'Implementation' and/or device 'xc7a35t'
Running DRC as a precondition to command route_design
INFO: [DRC 23-27] Running DRC with 2 threads
INFO: [Vivado_Tcl 4-198] DRC finished with 0 Errors
INFO: [Vivado_Tcl 4-199] Please refer to the DRC report (report_drc) for more information.


Starting Routing Task
INFO: [Route 35-254] Multithreading enabled for route_design using a maximum of 2 CPUs
Checksum: PlaceDB: b845998f ConstDB: 0 ShapeSum: e88fb9af RouteDB: 0

Phase 1 Build RT Design
Phase 1 Build RT Design | Checksum: c0ce515c

Time (s): cpu = 00:00:46 ; elapsed = 00:00:41 . Memory (MB): peak = 1361.355 ; gain = 125.051
Post Restoration Checksum: NetGraph: 6bbd9345 NumContArr: 5510be17 Constraints: 0 Timing: 0

Phase 2 Router Initialization

Phase 2.1 Create Timer
Phase 2.1 Create Timer | Checksum: c0ce515c

Time (s): cpu = 00:00:46 ; elapsed = 00:00:41 . Memory (MB): peak = 1377.477 ; gain = 141.172

Phase 2.2 Fix Topology Constraints
Phase 2.2 Fix Topology Constraints | Checksum: c0ce515c

Time (s): cpu = 00:00:46 ; elapsed = 00:00:41 . Memory (MB): peak = 1383.504 ; gain = 147.199

Phase 2.3 Pre Route Cleanup
Phase 2.3 Pre Route Cleanup | Checksum: c0ce515c

Time (s): cpu = 00:00:46 ; elapsed = 00:00:41 . Memory (MB): peak = 1383.504 ; gain = 147.199
 Number of Nodes with overlaps = 0

Phase 2.4 Update Timing
Phase 2.4 Update Timing | Checksum: bde775ee

Time (s): cpu = 00:00:47 ; elapsed = 00:00:41 . Memory (MB): peak = 1389.063 ; gain = 152.758
INFO: [Route 35-416] Intermediate Timing Summary | WNS=4.046  | TNS=0.000  | WHS=-0.066 | THS=-0.292 |

Phase 2 Router Initialization | Checksum: 102e8278c

Time (s): cpu = 00:00:47 ; elapsed = 00:00:41 . Memory (MB): peak = 1389.063 ; gain = 152.758

Phase 3 Initial Routing
Phase 3 Initial Routing | Checksum: 12deb3b76

Time (s): cpu = 00:00:47 ; elapsed = 00:00:41 . Memory (MB): peak = 1390.719 ; gain = 154.414

Phase 4 Rip-up And Reroute

Phase 4.1 Global Iteration 0
 Number of Nodes with overlaps = 17
 Number of Nodes with overlaps = 0
INFO: [Route 35-416] Intermediate Timing Summary | WNS=3.712  | TNS=0.000  | WHS=N/A    | THS=N/A    |

Phase 4.1 Global Iteration 0 | Checksum: 1aa8edbd6

Time (s): cpu = 00:00:47 ; elapsed = 00:00:42 . Memory (MB): peak = 1390.723 ; gain = 154.418
Phase 4 Rip-up And Reroute | Checksum: 1aa8edbd6

Time (s): cpu = 00:00:47 ; elapsed = 00:00:42 . Memory (MB): peak = 1390.723 ; gain = 154.418

Phase 5 Delay and Skew Optimization

Phase 5.1 Delay CleanUp
Phase 5.1 Delay CleanUp | Checksum: 1aa8edbd6

Time (s): cpu = 00:00:47 ; elapsed = 00:00:42 . Memory (MB): peak = 1390.723 ; gain = 154.418

Phase 5.2 Clock Skew Optimization
Phase 5.2 Clock Skew Optimization | Checksum: 1aa8edbd6

Time (s): cpu = 00:00:47 ; elapsed = 00:00:42 . Memory (MB): peak = 1390.723 ; gain = 154.418
Phase 5 Delay and Skew Optimization | Checksum: 1aa8edbd6

Time (s): cpu = 00:00:47 ; elapsed = 00:00:42 . Memory (MB): peak = 1390.723 ; gain = 154.418

Phase 6 Post Hold Fix

Phase 6.1 Hold Fix Iter

Phase 6.1.1 Update Timing
Phase 6.1.1 Update Timing | Checksum: 23f571582

Time (s): cpu = 00:00:47 ; elapsed = 00:00:42 . Memory (MB): peak = 1390.723 ; gain = 154.418
INFO: [Route 35-416] Intermediate Timing Summary | WNS=3.806  | TNS=0.000  | WHS=0.232  | THS=0.000  |

Phase 6.1 Hold Fix Iter | Checksum: 23f571582

Time (s): cpu = 00:00:47 ; elapsed = 00:00:42 . Memory (MB): peak = 1390.723 ; gain = 154.418
Phase 6 Post Hold Fix | Checksum: 23f571582

Time (s): cpu = 00:00:47 ; elapsed = 00:00:42 . Memory (MB): peak = 1390.723 ; gain = 154.418

Phase 7 Route finalize

Router Utilization Summary
  Global Vertical Routing Utilization    = 0.0730288 %
  Global Horizontal Routing Utilization  = 0.070406 %
  Routable Net Status*
  *Does not include unroutable nets such as driverless and loadless.
  Run report_route_status for detailed report.
  Number of Failed Nets               = 0
  Number of Unrouted Nets             = 0
  Number of Partially Routed Nets     = 0
  Number of Node Overlaps             = 0

Phase 7 Route finalize | Checksum: 24bfb06a5

Time (s): cpu = 00:00:47 ; elapsed = 00:00:42 . Memory (MB): peak = 1390.723 ; gain = 154.418

Phase 8 Verifying routed nets

 Verification completed successfully
Phase 8 Verifying routed nets | Checksum: 24bfb06a5

Time (s): cpu = 00:00:47 ; elapsed = 00:00:42 . Memory (MB): peak = 1392.730 ; gain = 156.426

Phase 9 Depositing Routes
Phase 9 Depositing Routes | Checksum: 26e05b60d

Time (s): cpu = 00:00:47 ; elapsed = 00:00:42 . Memory (MB): peak = 1392.730 ; gain = 156.426

Phase 10 Post Router Timing
INFO: [Route 35-57] Estimated Timing Summary | WNS=3.806  | TNS=0.000  | WHS=0.232  | THS=0.000  |

INFO: [Route 35-327] The final timing numbers are based on the router estimated timing analysis. For a complete and accurate timing signoff, please run report_timing_summary.
Phase 10 Post Router Timing | Checksum: 26e05b60d

Time (s): cpu = 00:00:47 ; elapsed = 00:00:42 . Memory (MB): peak = 1392.730 ; gain = 156.426
INFO: [Route 35-16] Router Completed Successfully

Time (s): cpu = 00:00:47 ; elapsed = 00:00:42 . Memory (MB): peak = 1392.730 ; gain = 156.426

Routing Is Done.
INFO: [Common 17-83] Releasing license: Implementation
69 Infos, 0 Warnings, 0 Critical Warnings and 0 Errors encountered.
route_design completed successfully
route_design: Time (s): cpu = 00:00:51 ; elapsed = 00:00:44 . Memory (MB): peak = 1392.730 ; gain = 156.426
Netlist sorting complete. Time (s): cpu = 00:00:00 ; elapsed = 00:00:00 . Memory (MB): peak = 1392.730 ; gain = 0.000
INFO: [Timing 38-480] Writing timing data to binary archive.
Writing placer database...
Writing XDEF routing.
Writing XDEF routing logical nets.
Netlist sorting complete. Time (s): cpu = 00:00:00 ; elapsed = 00:00:00 . Memory (MB): peak = 1392.730 ; gain = 0.000
Writing XDEF routing special nets.
Write XDEF Complete: Time (s): cpu = 00:00:01 ; elapsed = 00:00:00.128 . Memory (MB): peak = 1392.730 ; gain = 0.000
INFO: [Common 17-1381] The checkpoint 'C:/Users/tongplw/Desktop/undertale-verilog/Undertale.runs/impl_1/undertale_routed.dcp' has been generated.
INFO: [runtcl-4] Executing : report_drc -file undertale_drc_routed.rpt -pb undertale_drc_routed.pb -rpx undertale_drc_routed.rpx
Command: report_drc -file undertale_drc_routed.rpt -pb undertale_drc_routed.pb -rpx undertale_drc_routed.rpx
INFO: [IP_Flow 19-1839] IP Catalog is up to date.
INFO: [DRC 23-27] Running DRC with 2 threads
INFO: [Coretcl 2-168] The results of DRC are in file C:/Users/tongplw/Desktop/undertale-verilog/Undertale.runs/impl_1/undertale_drc_routed.rpt.
report_drc completed successfully
INFO: [runtcl-4] Executing : report_methodology -file undertale_methodology_drc_routed.rpt -pb undertale_methodology_drc_routed.pb -rpx undertale_methodology_drc_routed.rpx
Command: report_methodology -file undertale_methodology_drc_routed.rpt -pb undertale_methodology_drc_routed.pb -rpx undertale_methodology_drc_routed.rpx
INFO: [Timing 38-35] Done setting XDC timing constraints.
INFO: [DRC 23-133] Running Methodology with 2 threads
INFO: [Coretcl 2-1520] The results of Report Methodology are in file C:/Users/tongplw/Desktop/undertale-verilog/Undertale.runs/impl_1/undertale_methodology_drc_routed.rpt.
report_methodology completed successfully
INFO: [runtcl-4] Executing : report_power -file undertale_power_routed.rpt -pb undertale_power_summary_routed.pb -rpx undertale_power_routed.rpx
Command: report_power -file undertale_power_routed.rpt -pb undertale_power_summary_routed.pb -rpx undertale_power_routed.rpx
INFO: [Timing 38-35] Done setting XDC timing constraints.
Running Vector-less Activity Propagation...

Finished Running Vector-less Activity Propagation
81 Infos, 0 Warnings, 0 Critical Warnings and 0 Errors encountered.
report_power completed successfully
INFO: [runtcl-4] Executing : report_route_status -file undertale_route_status.rpt -pb undertale_route_status.pb
INFO: [runtcl-4] Executing : report_timing_summary -max_paths 10 -file undertale_timing_summary_routed.rpt -pb undertale_timing_summary_routed.pb -rpx undertale_timing_summary_routed.rpx -warn_on_violation 
INFO: [Timing 38-91] UpdateTimingParams: Speed grade: -1, Delay Type: min_max.
INFO: [Timing 38-191] Multithreading enabled for timing update using a maximum of 2 CPUs
INFO: [runtcl-4] Executing : report_incremental_reuse -file undertale_incremental_reuse_routed.rpt
INFO: [Vivado_Tcl 4-1062] Incremental flow is disabled. No incremental reuse Info to report.
INFO: [runtcl-4] Executing : report_clock_utilization -file undertale_clock_utilization_routed.rpt
INFO: [runtcl-4] Executing : report_bus_skew -warn_on_violation -file undertale_bus_skew_routed.rpt -pb undertale_bus_skew_routed.pb -rpx undertale_bus_skew_routed.rpx
INFO: [Timing 38-91] UpdateTimingParams: Speed grade: -1, Delay Type: min_max.
INFO: [Timing 38-191] Multithreading enabled for timing update using a maximum of 2 CPUs
Command: write_bitstream -force undertale.bit
Attempting to get a license for feature 'Implementation' and/or device 'xc7a35t'
INFO: [Common 17-349] Got license for feature 'Implementation' and/or device 'xc7a35t'
Running DRC as a precondition to command write_bitstream
INFO: [IP_Flow 19-1839] IP Catalog is up to date.
INFO: [DRC 23-27] Running DRC with 2 threads
WARNING: [DRC DPIP-1] Input pipelining: DSP rgb3 input rgb3/A[29:0] is not pipelined. Pipelining DSP48 input will improve performance.
WARNING: [DRC DPIP-1] Input pipelining: DSP rgb3 input rgb3/B[17:0] is not pipelined. Pipelining DSP48 input will improve performance.
WARNING: [DRC DPIP-1] Input pipelining: DSP rgb3__0 input rgb3__0/A[29:0] is not pipelined. Pipelining DSP48 input will improve performance.
WARNING: [DRC DPIP-1] Input pipelining: DSP rgb3__0 input rgb3__0/B[17:0] is not pipelined. Pipelining DSP48 input will improve performance.
WARNING: [DRC DPIP-1] Input pipelining: DSP rgb3__1 input rgb3__1/A[29:0] is not pipelined. Pipelining DSP48 input will improve performance.
WARNING: [DRC DPIP-1] Input pipelining: DSP rgb3__1 input rgb3__1/B[17:0] is not pipelined. Pipelining DSP48 input will improve performance.
WARNING: [DRC DPIP-1] Input pipelining: DSP rgb3__2 input rgb3__2/A[29:0] is not pipelined. Pipelining DSP48 input will improve performance.
WARNING: [DRC DPIP-1] Input pipelining: DSP rgb3__2 input rgb3__2/B[17:0] is not pipelined. Pipelining DSP48 input will improve performance.
WARNING: [DRC DPIP-1] Input pipelining: DSP rgb3__3 input rgb3__3/A[29:0] is not pipelined. Pipelining DSP48 input will improve performance.
WARNING: [DRC DPIP-1] Input pipelining: DSP rgb3__3 input rgb3__3/B[17:0] is not pipelined. Pipelining DSP48 input will improve performance.
WARNING: [DRC DPIP-1] Input pipelining: DSP rgb3__4 input rgb3__4/A[29:0] is not pipelined. Pipelining DSP48 input will improve performance.
WARNING: [DRC DPIP-1] Input pipelining: DSP rgb3__4 input rgb3__4/B[17:0] is not pipelined. Pipelining DSP48 input will improve performance.
WARNING: [DRC DPOP-1] PREG Output pipelining: DSP rgb3 output rgb3/P[47:0] is not pipelined (PREG=0). Pipelining the DSP48 output will improve performance and often saves power so it is suggested whenever possible to fully pipeline this function.  If this DSP48 function was inferred, it is suggested to describe an additional register stage after this function.  If the DSP48 was instantiated in the design, it is suggested to set the PREG attribute to 1.
WARNING: [DRC DPOP-1] PREG Output pipelining: DSP rgb3__0 output rgb3__0/P[47:0] is not pipelined (PREG=0). Pipelining the DSP48 output will improve performance and often saves power so it is suggested whenever possible to fully pipeline this function.  If this DSP48 function was inferred, it is suggested to describe an additional register stage after this function.  If the DSP48 was instantiated in the design, it is suggested to set the PREG attribute to 1.
WARNING: [DRC DPOP-1] PREG Output pipelining: DSP rgb3__1 output rgb3__1/P[47:0] is not pipelined (PREG=0). Pipelining the DSP48 output will improve performance and often saves power so it is suggested whenever possible to fully pipeline this function.  If this DSP48 function was inferred, it is suggested to describe an additional register stage after this function.  If the DSP48 was instantiated in the design, it is suggested to set the PREG attribute to 1.
WARNING: [DRC DPOP-1] PREG Output pipelining: DSP rgb3__2 output rgb3__2/P[47:0] is not pipelined (PREG=0). Pipelining the DSP48 output will improve performance and often saves power so it is suggested whenever possible to fully pipeline this function.  If this DSP48 function was inferred, it is suggested to describe an additional register stage after this function.  If the DSP48 was instantiated in the design, it is suggested to set the PREG attribute to 1.
WARNING: [DRC DPOP-1] PREG Output pipelining: DSP rgb3__3 output rgb3__3/P[47:0] is not pipelined (PREG=0). Pipelining the DSP48 output will improve performance and often saves power so it is suggested whenever possible to fully pipeline this function.  If this DSP48 function was inferred, it is suggested to describe an additional register stage after this function.  If the DSP48 was instantiated in the design, it is suggested to set the PREG attribute to 1.
WARNING: [DRC DPOP-1] PREG Output pipelining: DSP rgb3__4 output rgb3__4/P[47:0] is not pipelined (PREG=0). Pipelining the DSP48 output will improve performance and often saves power so it is suggested whenever possible to fully pipeline this function.  If this DSP48 function was inferred, it is suggested to describe an additional register stage after this function.  If the DSP48 was instantiated in the design, it is suggested to set the PREG attribute to 1.
WARNING: [DRC DPOP-2] MREG Output pipelining: DSP rgb3 multiplier stage rgb3/P[47:0] is not pipelined (MREG=0). Pipelining the multiplier function will improve performance and will save significant power so it is suggested whenever possible to fully pipeline this function.  If this multiplier was inferred, it is suggested to describe an additional register stage after this function.  If there is no registered adder/accumulator following the multiply function, two pipeline stages are suggested to allow both the MREG and PREG registers to be used.  If the DSP48 was instantiated in the design, it is suggested to set both the MREG and PREG attributes to 1 when performing multiply functions.
WARNING: [DRC DPOP-2] MREG Output pipelining: DSP rgb3__0 multiplier stage rgb3__0/P[47:0] is not pipelined (MREG=0). Pipelining the multiplier function will improve performance and will save significant power so it is suggested whenever possible to fully pipeline this function.  If this multiplier was inferred, it is suggested to describe an additional register stage after this function.  If there is no registered adder/accumulator following the multiply function, two pipeline stages are suggested to allow both the MREG and PREG registers to be used.  If the DSP48 was instantiated in the design, it is suggested to set both the MREG and PREG attributes to 1 when performing multiply functions.
WARNING: [DRC DPOP-2] MREG Output pipelining: DSP rgb3__1 multiplier stage rgb3__1/P[47:0] is not pipelined (MREG=0). Pipelining the multiplier function will improve performance and will save significant power so it is suggested whenever possible to fully pipeline this function.  If this multiplier was inferred, it is suggested to describe an additional register stage after this function.  If there is no registered adder/accumulator following the multiply function, two pipeline stages are suggested to allow both the MREG and PREG registers to be used.  If the DSP48 was instantiated in the design, it is suggested to set both the MREG and PREG attributes to 1 when performing multiply functions.
WARNING: [DRC DPOP-2] MREG Output pipelining: DSP rgb3__2 multiplier stage rgb3__2/P[47:0] is not pipelined (MREG=0). Pipelining the multiplier function will improve performance and will save significant power so it is suggested whenever possible to fully pipeline this function.  If this multiplier was inferred, it is suggested to describe an additional register stage after this function.  If there is no registered adder/accumulator following the multiply function, two pipeline stages are suggested to allow both the MREG and PREG registers to be used.  If the DSP48 was instantiated in the design, it is suggested to set both the MREG and PREG attributes to 1 when performing multiply functions.
WARNING: [DRC DPOP-2] MREG Output pipelining: DSP rgb3__3 multiplier stage rgb3__3/P[47:0] is not pipelined (MREG=0). Pipelining the multiplier function will improve performance and will save significant power so it is suggested whenever possible to fully pipeline this function.  If this multiplier was inferred, it is suggested to describe an additional register stage after this function.  If there is no registered adder/accumulator following the multiply function, two pipeline stages are suggested to allow both the MREG and PREG registers to be used.  If the DSP48 was instantiated in the design, it is suggested to set both the MREG and PREG attributes to 1 when performing multiply functions.
WARNING: [DRC DPOP-2] MREG Output pipelining: DSP rgb3__4 multiplier stage rgb3__4/P[47:0] is not pipelined (MREG=0). Pipelining the multiplier function will improve performance and will save significant power so it is suggested whenever possible to fully pipeline this function.  If this multiplier was inferred, it is suggested to describe an additional register stage after this function.  If there is no registered adder/accumulator following the multiply function, two pipeline stages are suggested to allow both the MREG and PREG registers to be used.  If the DSP48 was instantiated in the design, it is suggested to set both the MREG and PREG attributes to 1 when performing multiply functions.
INFO: [Vivado 12-3199] DRC finished with 0 Errors, 24 Warnings
INFO: [Vivado 12-3200] Please refer to the DRC report (report_drc) for more information.
INFO: [Designutils 20-2272] Running write_bitstream with 2 threads.
Loading data files...
Loading site data...
Loading route data...
Processing options...
Creating bitmap...
Creating bitstream...
Writing bitstream ./undertale.bit...
INFO: [Vivado 12-1842] Bitgen Completed Successfully.
INFO: [Project 1-120] WebTalk data collection is mandatory when using a WebPACK part without a full Vivado license. To see the specific WebTalk data collected for your design, open the usage_statistics_webtalk.html or usage_statistics_webtalk.xml file in the implementation directory.
INFO: [Common 17-83] Releasing license: Implementation
100 Infos, 24 Warnings, 0 Critical Warnings and 0 Errors encountered.
write_bitstream completed successfully
write_bitstream: Time (s): cpu = 00:00:25 ; elapsed = 00:00:31 . Memory (MB): peak = 1820.328 ; gain = 399.590
INFO: [Common 17-206] Exiting Vivado at Sat May 23 16:47:41 2020...
