Copyright 1986-2018 Xilinx, Inc. All Rights Reserved.
--------------------------------------------------------------------------------------------------------------------------------------------------------------------------------------------------
| Tool Version : Vivado v.2018.3 (win64) Build 2405991 Thu Dec  6 23:38:27 MST 2018
| Date         : Thu May 21 15:26:13 2020
| Host         : tongplw running 64-bit major release  (build 9200)
| Command      : report_timing_summary -max_paths 10 -file undertale_timing_summary_routed.rpt -pb undertale_timing_summary_routed.pb -rpx undertale_timing_summary_routed.rpx -warn_on_violation
| Design       : undertale
| Device       : 7a35t-cpg236
| Speed File   : -1  PRODUCTION 1.23 2018-06-13
--------------------------------------------------------------------------------------------------------------------------------------------------------------------------------------------------

Timing Summary Report

------------------------------------------------------------------------------------------------
| Timer Settings
| --------------
------------------------------------------------------------------------------------------------

  Enable Multi Corner Analysis               :  Yes
  Enable Pessimism Removal                   :  Yes
  Pessimism Removal Resolution               :  Nearest Common Node
  Enable Input Delay Default Clock           :  No
  Enable Preset / Clear Arcs                 :  No
  Disable Flight Delays                      :  No
  Ignore I/O Paths                           :  No
  Timing Early Launch at Borrowing Latches   :  false

  Corner  Analyze    Analyze    
  Name    Max Paths  Min Paths  
  ------  ---------  ---------  
  Slow    Yes        Yes        
  Fast    Yes        Yes        



check_timing report

Table of Contents
-----------------
1. checking no_clock
2. checking constant_clock
3. checking pulse_width_clock
4. checking unconstrained_internal_endpoints
5. checking no_input_delay
6. checking no_output_delay
7. checking multiple_clock
8. checking generated_clocks
9. checking loops
10. checking partial_input_delay
11. checking partial_output_delay
12. checking latch_loops

1. checking no_clock
--------------------
 There are 16 register/latch pins with no clock driven by root clock pin: vga/line_clk_reg/Q (HIGH)


2. checking constant_clock
--------------------------
 There are 0 register/latch pins with constant_clock.


3. checking pulse_width_clock
-----------------------------
 There are 0 register/latch pins which need pulse_width check


4. checking unconstrained_internal_endpoints
--------------------------------------------
 There are 32 pins that are not constrained for maximum delay. (HIGH)

 There are 0 pins that are not constrained for maximum delay due to constant clock.


5. checking no_input_delay
--------------------------
 There are 0 input ports with no input delay specified.

 There are 0 input ports with no input delay but user has a false path constraint.


6. checking no_output_delay
---------------------------
 There are 2 ports with no output delay specified. (HIGH)

 There are 0 ports with no output delay but user has a false path constraint

 There are 0 ports with no output delay but with a timing clock defined on it or propagating through it


7. checking multiple_clock
--------------------------
 There are 0 register/latch pins with multiple clocks.


8. checking generated_clocks
----------------------------
 There are 0 generated clocks that are not connected to a clock source.


9. checking loops
-----------------
 There are 0 combinational loops in the design.


10. checking partial_input_delay
--------------------------------
 There are 0 input ports with partial input delay specified.


11. checking partial_output_delay
---------------------------------
 There are 0 ports with partial output delay specified.


12. checking latch_loops
------------------------
 There are 0 combinational latch loops in the design through latch input



------------------------------------------------------------------------------------------------
| Design Timing Summary
| ---------------------
------------------------------------------------------------------------------------------------

    WNS(ns)      TNS(ns)  TNS Failing Endpoints  TNS Total Endpoints      WHS(ns)      THS(ns)  THS Failing Endpoints  THS Total Endpoints     WPWS(ns)     TPWS(ns)  TPWS Failing Endpoints  TPWS Total Endpoints  
    -------      -------  ---------------------  -------------------      -------      -------  ---------------------  -------------------     --------     --------  ----------------------  --------------------  
      5.932        0.000                      0                   33        0.324        0.000                      0                   33        4.500        0.000                       0                    18  


All user specified timing constraints are met.


------------------------------------------------------------------------------------------------
| Clock Summary
| -------------
------------------------------------------------------------------------------------------------

Clock        Waveform(ns)       Period(ns)      Frequency(MHz)
-----        ------------       ----------      --------------
sys_clk_pin  {0.000 5.000}      10.000          100.000         


------------------------------------------------------------------------------------------------
| Intra Clock Table
| -----------------
------------------------------------------------------------------------------------------------

Clock             WNS(ns)      TNS(ns)  TNS Failing Endpoints  TNS Total Endpoints      WHS(ns)      THS(ns)  THS Failing Endpoints  THS Total Endpoints     WPWS(ns)     TPWS(ns)  TPWS Failing Endpoints  TPWS Total Endpoints  
-----             -------      -------  ---------------------  -------------------      -------      -------  ---------------------  -------------------     --------     --------  ----------------------  --------------------  
sys_clk_pin         5.932        0.000                      0                   33        0.324        0.000                      0                   33        4.500        0.000                       0                    18  


------------------------------------------------------------------------------------------------
| Inter Clock Table
| -----------------
------------------------------------------------------------------------------------------------

From Clock    To Clock          WNS(ns)      TNS(ns)  TNS Failing Endpoints  TNS Total Endpoints      WHS(ns)      THS(ns)  THS Failing Endpoints  THS Total Endpoints  
----------    --------          -------      -------  ---------------------  -------------------      -------      -------  ---------------------  -------------------  


------------------------------------------------------------------------------------------------
| Other Path Groups Table
| -----------------------
------------------------------------------------------------------------------------------------

Path Group    From Clock    To Clock          WNS(ns)      TNS(ns)  TNS Failing Endpoints  TNS Total Endpoints      WHS(ns)      THS(ns)  THS Failing Endpoints  THS Total Endpoints  
----------    ----------    --------          -------      -------  ---------------------  -------------------      -------      -------  ---------------------  -------------------  


------------------------------------------------------------------------------------------------
| Timing Details
| --------------
------------------------------------------------------------------------------------------------


---------------------------------------------------------------------------------------------------
From Clock:  sys_clk_pin
  To Clock:  sys_clk_pin

Setup :            0  Failing Endpoints,  Worst Slack        5.932ns,  Total Violation        0.000ns
Hold  :            0  Failing Endpoints,  Worst Slack        0.324ns,  Total Violation        0.000ns
PW    :            0  Failing Endpoints,  Worst Slack        4.500ns,  Total Violation        0.000ns
---------------------------------------------------------------------------------------------------


Max Delay Paths
--------------------------------------------------------------------------------------
Slack (MET) :             5.932ns  (required time - arrival time)
  Source:                 vga/h_val_reg[14]/C
                            (rising edge-triggered cell FDRE clocked by sys_clk_pin  {rise@0.000ns fall@5.000ns period=10.000ns})
  Destination:            vga/h_val_reg[10]/R
                            (rising edge-triggered cell FDRE clocked by sys_clk_pin  {rise@0.000ns fall@5.000ns period=10.000ns})
  Path Group:             sys_clk_pin
  Path Type:              Setup (Max at Slow Process Corner)
  Requirement:            10.000ns  (sys_clk_pin rise@10.000ns - sys_clk_pin rise@0.000ns)
  Data Path Delay:        3.580ns  (logic 0.828ns (23.129%)  route 2.752ns (76.871%))
  Logic Levels:           3  (LUT4=1 LUT6=2)
  Clock Path Skew:        -0.024ns (DCD - SCD + CPR)
    Destination Clock Delay (DCD):    4.848ns = ( 14.848 - 10.000 ) 
    Source Clock Delay      (SCD):    5.146ns
    Clock Pessimism Removal (CPR):    0.274ns
  Clock Uncertainty:      0.035ns  ((TSJ^2 + TIJ^2)^1/2 + DJ) / 2 + PE
    Total System Jitter     (TSJ):    0.071ns
    Total Input Jitter      (TIJ):    0.000ns
    Discrete Jitter          (DJ):    0.000ns
    Phase Error              (PE):    0.000ns

    Location             Delay type                Incr(ns)  Path(ns)    Netlist Resource(s)
  -------------------------------------------------------------------    -------------------
                         (clock sys_clk_pin rise edge)
                                                      0.000     0.000 r  
    W5                                                0.000     0.000 r  clk (IN)
                         net (fo=0)                   0.000     0.000    clk
    W5                   IBUF (Prop_ibuf_I_O)         1.458     1.458 r  clk_IBUF_inst/O
                         net (fo=1, routed)           1.967     3.425    clk_IBUF
    BUFGCTRL_X0Y0        BUFG (Prop_bufg_I_O)         0.096     3.521 r  clk_IBUF_BUFG_inst/O
                         net (fo=17, routed)          1.625     5.146    vga/clk
    SLICE_X0Y29          FDRE                                         r  vga/h_val_reg[14]/C
  -------------------------------------------------------------------    -------------------
    SLICE_X0Y29          FDRE (Prop_fdre_C_Q)         0.456     5.602 r  vga/h_val_reg[14]/Q
                         net (fo=2, routed)           1.151     6.753    vga/h_val_reg[14]
    SLICE_X1Y28          LUT4 (Prop_lut4_I3_O)        0.124     6.877 r  vga/line_clk_i_2/O
                         net (fo=2, routed)           0.676     7.553    vga/line_clk_i_2_n_0
    SLICE_X1Y28          LUT6 (Prop_lut6_I0_O)        0.124     7.677 r  vga/Hsync_OBUF_inst_i_3/O
                         net (fo=2, routed)           0.276     7.953    vga/Hsync_OBUF_inst_i_3_n_0
    SLICE_X1Y28          LUT6 (Prop_lut6_I5_O)        0.124     8.077 r  vga/line_clk_i_1/O
                         net (fo=17, routed)          0.650     8.726    vga/clear
    SLICE_X0Y28          FDRE                                         r  vga/h_val_reg[10]/R
  -------------------------------------------------------------------    -------------------

                         (clock sys_clk_pin rise edge)
                                                     10.000    10.000 r  
    W5                                                0.000    10.000 r  clk (IN)
                         net (fo=0)                   0.000    10.000    clk
    W5                   IBUF (Prop_ibuf_I_O)         1.388    11.388 r  clk_IBUF_inst/O
                         net (fo=1, routed)           1.862    13.250    clk_IBUF
    BUFGCTRL_X0Y0        BUFG (Prop_bufg_I_O)         0.091    13.341 r  clk_IBUF_BUFG_inst/O
                         net (fo=17, routed)          1.507    14.848    vga/clk
    SLICE_X0Y28          FDRE                                         r  vga/h_val_reg[10]/C
                         clock pessimism              0.274    15.122    
                         clock uncertainty           -0.035    15.087    
    SLICE_X0Y28          FDRE (Setup_fdre_C_R)       -0.429    14.658    vga/h_val_reg[10]
  -------------------------------------------------------------------
                         required time                         14.658    
                         arrival time                          -8.726    
  -------------------------------------------------------------------
                         slack                                  5.932    

Slack (MET) :             5.932ns  (required time - arrival time)
  Source:                 vga/h_val_reg[14]/C
                            (rising edge-triggered cell FDRE clocked by sys_clk_pin  {rise@0.000ns fall@5.000ns period=10.000ns})
  Destination:            vga/h_val_reg[11]/R
                            (rising edge-triggered cell FDRE clocked by sys_clk_pin  {rise@0.000ns fall@5.000ns period=10.000ns})
  Path Group:             sys_clk_pin
  Path Type:              Setup (Max at Slow Process Corner)
  Requirement:            10.000ns  (sys_clk_pin rise@10.000ns - sys_clk_pin rise@0.000ns)
  Data Path Delay:        3.580ns  (logic 0.828ns (23.129%)  route 2.752ns (76.871%))
  Logic Levels:           3  (LUT4=1 LUT6=2)
  Clock Path Skew:        -0.024ns (DCD - SCD + CPR)
    Destination Clock Delay (DCD):    4.848ns = ( 14.848 - 10.000 ) 
    Source Clock Delay      (SCD):    5.146ns
    Clock Pessimism Removal (CPR):    0.274ns
  Clock Uncertainty:      0.035ns  ((TSJ^2 + TIJ^2)^1/2 + DJ) / 2 + PE
    Total System Jitter     (TSJ):    0.071ns
    Total Input Jitter      (TIJ):    0.000ns
    Discrete Jitter          (DJ):    0.000ns
    Phase Error              (PE):    0.000ns

    Location             Delay type                Incr(ns)  Path(ns)    Netlist Resource(s)
  -------------------------------------------------------------------    -------------------
                         (clock sys_clk_pin rise edge)
                                                      0.000     0.000 r  
    W5                                                0.000     0.000 r  clk (IN)
                         net (fo=0)                   0.000     0.000    clk
    W5                   IBUF (Prop_ibuf_I_O)         1.458     1.458 r  clk_IBUF_inst/O
                         net (fo=1, routed)           1.967     3.425    clk_IBUF
    BUFGCTRL_X0Y0        BUFG (Prop_bufg_I_O)         0.096     3.521 r  clk_IBUF_BUFG_inst/O
                         net (fo=17, routed)          1.625     5.146    vga/clk
    SLICE_X0Y29          FDRE                                         r  vga/h_val_reg[14]/C
  -------------------------------------------------------------------    -------------------
    SLICE_X0Y29          FDRE (Prop_fdre_C_Q)         0.456     5.602 r  vga/h_val_reg[14]/Q
                         net (fo=2, routed)           1.151     6.753    vga/h_val_reg[14]
    SLICE_X1Y28          LUT4 (Prop_lut4_I3_O)        0.124     6.877 r  vga/line_clk_i_2/O
                         net (fo=2, routed)           0.676     7.553    vga/line_clk_i_2_n_0
    SLICE_X1Y28          LUT6 (Prop_lut6_I0_O)        0.124     7.677 r  vga/Hsync_OBUF_inst_i_3/O
                         net (fo=2, routed)           0.276     7.953    vga/Hsync_OBUF_inst_i_3_n_0
    SLICE_X1Y28          LUT6 (Prop_lut6_I5_O)        0.124     8.077 r  vga/line_clk_i_1/O
                         net (fo=17, routed)          0.650     8.726    vga/clear
    SLICE_X0Y28          FDRE                                         r  vga/h_val_reg[11]/R
  -------------------------------------------------------------------    -------------------

                         (clock sys_clk_pin rise edge)
                                                     10.000    10.000 r  
    W5                                                0.000    10.000 r  clk (IN)
                         net (fo=0)                   0.000    10.000    clk
    W5                   IBUF (Prop_ibuf_I_O)         1.388    11.388 r  clk_IBUF_inst/O
                         net (fo=1, routed)           1.862    13.250    clk_IBUF
    BUFGCTRL_X0Y0        BUFG (Prop_bufg_I_O)         0.091    13.341 r  clk_IBUF_BUFG_inst/O
                         net (fo=17, routed)          1.507    14.848    vga/clk
    SLICE_X0Y28          FDRE                                         r  vga/h_val_reg[11]/C
                         clock pessimism              0.274    15.122    
                         clock uncertainty           -0.035    15.087    
    SLICE_X0Y28          FDRE (Setup_fdre_C_R)       -0.429    14.658    vga/h_val_reg[11]
  -------------------------------------------------------------------
                         required time                         14.658    
                         arrival time                          -8.726    
  -------------------------------------------------------------------
                         slack                                  5.932    

Slack (MET) :             5.932ns  (required time - arrival time)
  Source:                 vga/h_val_reg[14]/C
                            (rising edge-triggered cell FDRE clocked by sys_clk_pin  {rise@0.000ns fall@5.000ns period=10.000ns})
  Destination:            vga/h_val_reg[8]/R
                            (rising edge-triggered cell FDRE clocked by sys_clk_pin  {rise@0.000ns fall@5.000ns period=10.000ns})
  Path Group:             sys_clk_pin
  Path Type:              Setup (Max at Slow Process Corner)
  Requirement:            10.000ns  (sys_clk_pin rise@10.000ns - sys_clk_pin rise@0.000ns)
  Data Path Delay:        3.580ns  (logic 0.828ns (23.129%)  route 2.752ns (76.871%))
  Logic Levels:           3  (LUT4=1 LUT6=2)
  Clock Path Skew:        -0.024ns (DCD - SCD + CPR)
    Destination Clock Delay (DCD):    4.848ns = ( 14.848 - 10.000 ) 
    Source Clock Delay      (SCD):    5.146ns
    Clock Pessimism Removal (CPR):    0.274ns
  Clock Uncertainty:      0.035ns  ((TSJ^2 + TIJ^2)^1/2 + DJ) / 2 + PE
    Total System Jitter     (TSJ):    0.071ns
    Total Input Jitter      (TIJ):    0.000ns
    Discrete Jitter          (DJ):    0.000ns
    Phase Error              (PE):    0.000ns

    Location             Delay type                Incr(ns)  Path(ns)    Netlist Resource(s)
  -------------------------------------------------------------------    -------------------
                         (clock sys_clk_pin rise edge)
                                                      0.000     0.000 r  
    W5                                                0.000     0.000 r  clk (IN)
                         net (fo=0)                   0.000     0.000    clk
    W5                   IBUF (Prop_ibuf_I_O)         1.458     1.458 r  clk_IBUF_inst/O
                         net (fo=1, routed)           1.967     3.425    clk_IBUF
    BUFGCTRL_X0Y0        BUFG (Prop_bufg_I_O)         0.096     3.521 r  clk_IBUF_BUFG_inst/O
                         net (fo=17, routed)          1.625     5.146    vga/clk
    SLICE_X0Y29          FDRE                                         r  vga/h_val_reg[14]/C
  -------------------------------------------------------------------    -------------------
    SLICE_X0Y29          FDRE (Prop_fdre_C_Q)         0.456     5.602 r  vga/h_val_reg[14]/Q
                         net (fo=2, routed)           1.151     6.753    vga/h_val_reg[14]
    SLICE_X1Y28          LUT4 (Prop_lut4_I3_O)        0.124     6.877 r  vga/line_clk_i_2/O
                         net (fo=2, routed)           0.676     7.553    vga/line_clk_i_2_n_0
    SLICE_X1Y28          LUT6 (Prop_lut6_I0_O)        0.124     7.677 r  vga/Hsync_OBUF_inst_i_3/O
                         net (fo=2, routed)           0.276     7.953    vga/Hsync_OBUF_inst_i_3_n_0
    SLICE_X1Y28          LUT6 (Prop_lut6_I5_O)        0.124     8.077 r  vga/line_clk_i_1/O
                         net (fo=17, routed)          0.650     8.726    vga/clear
    SLICE_X0Y28          FDRE                                         r  vga/h_val_reg[8]/R
  -------------------------------------------------------------------    -------------------

                         (clock sys_clk_pin rise edge)
                                                     10.000    10.000 r  
    W5                                                0.000    10.000 r  clk (IN)
                         net (fo=0)                   0.000    10.000    clk
    W5                   IBUF (Prop_ibuf_I_O)         1.388    11.388 r  clk_IBUF_inst/O
                         net (fo=1, routed)           1.862    13.250    clk_IBUF
    BUFGCTRL_X0Y0        BUFG (Prop_bufg_I_O)         0.091    13.341 r  clk_IBUF_BUFG_inst/O
                         net (fo=17, routed)          1.507    14.848    vga/clk
    SLICE_X0Y28          FDRE                                         r  vga/h_val_reg[8]/C
                         clock pessimism              0.274    15.122    
                         clock uncertainty           -0.035    15.087    
    SLICE_X0Y28          FDRE (Setup_fdre_C_R)       -0.429    14.658    vga/h_val_reg[8]
  -------------------------------------------------------------------
                         required time                         14.658    
                         arrival time                          -8.726    
  -------------------------------------------------------------------
                         slack                                  5.932    

Slack (MET) :             5.932ns  (required time - arrival time)
  Source:                 vga/h_val_reg[14]/C
                            (rising edge-triggered cell FDRE clocked by sys_clk_pin  {rise@0.000ns fall@5.000ns period=10.000ns})
  Destination:            vga/h_val_reg[9]/R
                            (rising edge-triggered cell FDRE clocked by sys_clk_pin  {rise@0.000ns fall@5.000ns period=10.000ns})
  Path Group:             sys_clk_pin
  Path Type:              Setup (Max at Slow Process Corner)
  Requirement:            10.000ns  (sys_clk_pin rise@10.000ns - sys_clk_pin rise@0.000ns)
  Data Path Delay:        3.580ns  (logic 0.828ns (23.129%)  route 2.752ns (76.871%))
  Logic Levels:           3  (LUT4=1 LUT6=2)
  Clock Path Skew:        -0.024ns (DCD - SCD + CPR)
    Destination Clock Delay (DCD):    4.848ns = ( 14.848 - 10.000 ) 
    Source Clock Delay      (SCD):    5.146ns
    Clock Pessimism Removal (CPR):    0.274ns
  Clock Uncertainty:      0.035ns  ((TSJ^2 + TIJ^2)^1/2 + DJ) / 2 + PE
    Total System Jitter     (TSJ):    0.071ns
    Total Input Jitter      (TIJ):    0.000ns
    Discrete Jitter          (DJ):    0.000ns
    Phase Error              (PE):    0.000ns

    Location             Delay type                Incr(ns)  Path(ns)    Netlist Resource(s)
  -------------------------------------------------------------------    -------------------
                         (clock sys_clk_pin rise edge)
                                                      0.000     0.000 r  
    W5                                                0.000     0.000 r  clk (IN)
                         net (fo=0)                   0.000     0.000    clk
    W5                   IBUF (Prop_ibuf_I_O)         1.458     1.458 r  clk_IBUF_inst/O
                         net (fo=1, routed)           1.967     3.425    clk_IBUF
    BUFGCTRL_X0Y0        BUFG (Prop_bufg_I_O)         0.096     3.521 r  clk_IBUF_BUFG_inst/O
                         net (fo=17, routed)          1.625     5.146    vga/clk
    SLICE_X0Y29          FDRE                                         r  vga/h_val_reg[14]/C
  -------------------------------------------------------------------    -------------------
    SLICE_X0Y29          FDRE (Prop_fdre_C_Q)         0.456     5.602 r  vga/h_val_reg[14]/Q
                         net (fo=2, routed)           1.151     6.753    vga/h_val_reg[14]
    SLICE_X1Y28          LUT4 (Prop_lut4_I3_O)        0.124     6.877 r  vga/line_clk_i_2/O
                         net (fo=2, routed)           0.676     7.553    vga/line_clk_i_2_n_0
    SLICE_X1Y28          LUT6 (Prop_lut6_I0_O)        0.124     7.677 r  vga/Hsync_OBUF_inst_i_3/O
                         net (fo=2, routed)           0.276     7.953    vga/Hsync_OBUF_inst_i_3_n_0
    SLICE_X1Y28          LUT6 (Prop_lut6_I5_O)        0.124     8.077 r  vga/line_clk_i_1/O
                         net (fo=17, routed)          0.650     8.726    vga/clear
    SLICE_X0Y28          FDRE                                         r  vga/h_val_reg[9]/R
  -------------------------------------------------------------------    -------------------

                         (clock sys_clk_pin rise edge)
                                                     10.000    10.000 r  
    W5                                                0.000    10.000 r  clk (IN)
                         net (fo=0)                   0.000    10.000    clk
    W5                   IBUF (Prop_ibuf_I_O)         1.388    11.388 r  clk_IBUF_inst/O
                         net (fo=1, routed)           1.862    13.250    clk_IBUF
    BUFGCTRL_X0Y0        BUFG (Prop_bufg_I_O)         0.091    13.341 r  clk_IBUF_BUFG_inst/O
                         net (fo=17, routed)          1.507    14.848    vga/clk
    SLICE_X0Y28          FDRE                                         r  vga/h_val_reg[9]/C
                         clock pessimism              0.274    15.122    
                         clock uncertainty           -0.035    15.087    
    SLICE_X0Y28          FDRE (Setup_fdre_C_R)       -0.429    14.658    vga/h_val_reg[9]
  -------------------------------------------------------------------
                         required time                         14.658    
                         arrival time                          -8.726    
  -------------------------------------------------------------------
                         slack                                  5.932    

Slack (MET) :             6.044ns  (required time - arrival time)
  Source:                 vga/h_val_reg[14]/C
                            (rising edge-triggered cell FDRE clocked by sys_clk_pin  {rise@0.000ns fall@5.000ns period=10.000ns})
  Destination:            vga/h_val_reg[12]/R
                            (rising edge-triggered cell FDRE clocked by sys_clk_pin  {rise@0.000ns fall@5.000ns period=10.000ns})
  Path Group:             sys_clk_pin
  Path Type:              Setup (Max at Slow Process Corner)
  Requirement:            10.000ns  (sys_clk_pin rise@10.000ns - sys_clk_pin rise@0.000ns)
  Data Path Delay:        3.492ns  (logic 0.828ns (23.714%)  route 2.664ns (76.286%))
  Logic Levels:           3  (LUT4=1 LUT6=2)
  Clock Path Skew:        0.000ns (DCD - SCD + CPR)
    Destination Clock Delay (DCD):    4.849ns = ( 14.849 - 10.000 ) 
    Source Clock Delay      (SCD):    5.146ns
    Clock Pessimism Removal (CPR):    0.297ns
  Clock Uncertainty:      0.035ns  ((TSJ^2 + TIJ^2)^1/2 + DJ) / 2 + PE
    Total System Jitter     (TSJ):    0.071ns
    Total Input Jitter      (TIJ):    0.000ns
    Discrete Jitter          (DJ):    0.000ns
    Phase Error              (PE):    0.000ns

    Location             Delay type                Incr(ns)  Path(ns)    Netlist Resource(s)
  -------------------------------------------------------------------    -------------------
                         (clock sys_clk_pin rise edge)
                                                      0.000     0.000 r  
    W5                                                0.000     0.000 r  clk (IN)
                         net (fo=0)                   0.000     0.000    clk
    W5                   IBUF (Prop_ibuf_I_O)         1.458     1.458 r  clk_IBUF_inst/O
                         net (fo=1, routed)           1.967     3.425    clk_IBUF
    BUFGCTRL_X0Y0        BUFG (Prop_bufg_I_O)         0.096     3.521 r  clk_IBUF_BUFG_inst/O
                         net (fo=17, routed)          1.625     5.146    vga/clk
    SLICE_X0Y29          FDRE                                         r  vga/h_val_reg[14]/C
  -------------------------------------------------------------------    -------------------
    SLICE_X0Y29          FDRE (Prop_fdre_C_Q)         0.456     5.602 r  vga/h_val_reg[14]/Q
                         net (fo=2, routed)           1.151     6.753    vga/h_val_reg[14]
    SLICE_X1Y28          LUT4 (Prop_lut4_I3_O)        0.124     6.877 r  vga/line_clk_i_2/O
                         net (fo=2, routed)           0.676     7.553    vga/line_clk_i_2_n_0
    SLICE_X1Y28          LUT6 (Prop_lut6_I0_O)        0.124     7.677 r  vga/Hsync_OBUF_inst_i_3/O
                         net (fo=2, routed)           0.276     7.953    vga/Hsync_OBUF_inst_i_3_n_0
    SLICE_X1Y28          LUT6 (Prop_lut6_I5_O)        0.124     8.077 r  vga/line_clk_i_1/O
                         net (fo=17, routed)          0.561     8.638    vga/clear
    SLICE_X0Y29          FDRE                                         r  vga/h_val_reg[12]/R
  -------------------------------------------------------------------    -------------------

                         (clock sys_clk_pin rise edge)
                                                     10.000    10.000 r  
    W5                                                0.000    10.000 r  clk (IN)
                         net (fo=0)                   0.000    10.000    clk
    W5                   IBUF (Prop_ibuf_I_O)         1.388    11.388 r  clk_IBUF_inst/O
                         net (fo=1, routed)           1.862    13.250    clk_IBUF
    BUFGCTRL_X0Y0        BUFG (Prop_bufg_I_O)         0.091    13.341 r  clk_IBUF_BUFG_inst/O
                         net (fo=17, routed)          1.508    14.849    vga/clk
    SLICE_X0Y29          FDRE                                         r  vga/h_val_reg[12]/C
                         clock pessimism              0.297    15.146    
                         clock uncertainty           -0.035    15.111    
    SLICE_X0Y29          FDRE (Setup_fdre_C_R)       -0.429    14.682    vga/h_val_reg[12]
  -------------------------------------------------------------------
                         required time                         14.682    
                         arrival time                          -8.638    
  -------------------------------------------------------------------
                         slack                                  6.044    

Slack (MET) :             6.044ns  (required time - arrival time)
  Source:                 vga/h_val_reg[14]/C
                            (rising edge-triggered cell FDRE clocked by sys_clk_pin  {rise@0.000ns fall@5.000ns period=10.000ns})
  Destination:            vga/h_val_reg[13]/R
                            (rising edge-triggered cell FDRE clocked by sys_clk_pin  {rise@0.000ns fall@5.000ns period=10.000ns})
  Path Group:             sys_clk_pin
  Path Type:              Setup (Max at Slow Process Corner)
  Requirement:            10.000ns  (sys_clk_pin rise@10.000ns - sys_clk_pin rise@0.000ns)
  Data Path Delay:        3.492ns  (logic 0.828ns (23.714%)  route 2.664ns (76.286%))
  Logic Levels:           3  (LUT4=1 LUT6=2)
  Clock Path Skew:        0.000ns (DCD - SCD + CPR)
    Destination Clock Delay (DCD):    4.849ns = ( 14.849 - 10.000 ) 
    Source Clock Delay      (SCD):    5.146ns
    Clock Pessimism Removal (CPR):    0.297ns
  Clock Uncertainty:      0.035ns  ((TSJ^2 + TIJ^2)^1/2 + DJ) / 2 + PE
    Total System Jitter     (TSJ):    0.071ns
    Total Input Jitter      (TIJ):    0.000ns
    Discrete Jitter          (DJ):    0.000ns
    Phase Error              (PE):    0.000ns

    Location             Delay type                Incr(ns)  Path(ns)    Netlist Resource(s)
  -------------------------------------------------------------------    -------------------
                         (clock sys_clk_pin rise edge)
                                                      0.000     0.000 r  
    W5                                                0.000     0.000 r  clk (IN)
                         net (fo=0)                   0.000     0.000    clk
    W5                   IBUF (Prop_ibuf_I_O)         1.458     1.458 r  clk_IBUF_inst/O
                         net (fo=1, routed)           1.967     3.425    clk_IBUF
    BUFGCTRL_X0Y0        BUFG (Prop_bufg_I_O)         0.096     3.521 r  clk_IBUF_BUFG_inst/O
                         net (fo=17, routed)          1.625     5.146    vga/clk
    SLICE_X0Y29          FDRE                                         r  vga/h_val_reg[14]/C
  -------------------------------------------------------------------    -------------------
    SLICE_X0Y29          FDRE (Prop_fdre_C_Q)         0.456     5.602 r  vga/h_val_reg[14]/Q
                         net (fo=2, routed)           1.151     6.753    vga/h_val_reg[14]
    SLICE_X1Y28          LUT4 (Prop_lut4_I3_O)        0.124     6.877 r  vga/line_clk_i_2/O
                         net (fo=2, routed)           0.676     7.553    vga/line_clk_i_2_n_0
    SLICE_X1Y28          LUT6 (Prop_lut6_I0_O)        0.124     7.677 r  vga/Hsync_OBUF_inst_i_3/O
                         net (fo=2, routed)           0.276     7.953    vga/Hsync_OBUF_inst_i_3_n_0
    SLICE_X1Y28          LUT6 (Prop_lut6_I5_O)        0.124     8.077 r  vga/line_clk_i_1/O
                         net (fo=17, routed)          0.561     8.638    vga/clear
    SLICE_X0Y29          FDRE                                         r  vga/h_val_reg[13]/R
  -------------------------------------------------------------------    -------------------

                         (clock sys_clk_pin rise edge)
                                                     10.000    10.000 r  
    W5                                                0.000    10.000 r  clk (IN)
                         net (fo=0)                   0.000    10.000    clk
    W5                   IBUF (Prop_ibuf_I_O)         1.388    11.388 r  clk_IBUF_inst/O
                         net (fo=1, routed)           1.862    13.250    clk_IBUF
    BUFGCTRL_X0Y0        BUFG (Prop_bufg_I_O)         0.091    13.341 r  clk_IBUF_BUFG_inst/O
                         net (fo=17, routed)          1.508    14.849    vga/clk
    SLICE_X0Y29          FDRE                                         r  vga/h_val_reg[13]/C
                         clock pessimism              0.297    15.146    
                         clock uncertainty           -0.035    15.111    
    SLICE_X0Y29          FDRE (Setup_fdre_C_R)       -0.429    14.682    vga/h_val_reg[13]
  -------------------------------------------------------------------
                         required time                         14.682    
                         arrival time                          -8.638    
  -------------------------------------------------------------------
                         slack                                  6.044    

Slack (MET) :             6.044ns  (required time - arrival time)
  Source:                 vga/h_val_reg[14]/C
                            (rising edge-triggered cell FDRE clocked by sys_clk_pin  {rise@0.000ns fall@5.000ns period=10.000ns})
  Destination:            vga/h_val_reg[14]/R
                            (rising edge-triggered cell FDRE clocked by sys_clk_pin  {rise@0.000ns fall@5.000ns period=10.000ns})
  Path Group:             sys_clk_pin
  Path Type:              Setup (Max at Slow Process Corner)
  Requirement:            10.000ns  (sys_clk_pin rise@10.000ns - sys_clk_pin rise@0.000ns)
  Data Path Delay:        3.492ns  (logic 0.828ns (23.714%)  route 2.664ns (76.286%))
  Logic Levels:           3  (LUT4=1 LUT6=2)
  Clock Path Skew:        0.000ns (DCD - SCD + CPR)
    Destination Clock Delay (DCD):    4.849ns = ( 14.849 - 10.000 ) 
    Source Clock Delay      (SCD):    5.146ns
    Clock Pessimism Removal (CPR):    0.297ns
  Clock Uncertainty:      0.035ns  ((TSJ^2 + TIJ^2)^1/2 + DJ) / 2 + PE
    Total System Jitter     (TSJ):    0.071ns
    Total Input Jitter      (TIJ):    0.000ns
    Discrete Jitter          (DJ):    0.000ns
    Phase Error              (PE):    0.000ns

    Location             Delay type                Incr(ns)  Path(ns)    Netlist Resource(s)
  -------------------------------------------------------------------    -------------------
                         (clock sys_clk_pin rise edge)
                                                      0.000     0.000 r  
    W5                                                0.000     0.000 r  clk (IN)
                         net (fo=0)                   0.000     0.000    clk
    W5                   IBUF (Prop_ibuf_I_O)         1.458     1.458 r  clk_IBUF_inst/O
                         net (fo=1, routed)           1.967     3.425    clk_IBUF
    BUFGCTRL_X0Y0        BUFG (Prop_bufg_I_O)         0.096     3.521 r  clk_IBUF_BUFG_inst/O
                         net (fo=17, routed)          1.625     5.146    vga/clk
    SLICE_X0Y29          FDRE                                         r  vga/h_val_reg[14]/C
  -------------------------------------------------------------------    -------------------
    SLICE_X0Y29          FDRE (Prop_fdre_C_Q)         0.456     5.602 r  vga/h_val_reg[14]/Q
                         net (fo=2, routed)           1.151     6.753    vga/h_val_reg[14]
    SLICE_X1Y28          LUT4 (Prop_lut4_I3_O)        0.124     6.877 r  vga/line_clk_i_2/O
                         net (fo=2, routed)           0.676     7.553    vga/line_clk_i_2_n_0
    SLICE_X1Y28          LUT6 (Prop_lut6_I0_O)        0.124     7.677 r  vga/Hsync_OBUF_inst_i_3/O
                         net (fo=2, routed)           0.276     7.953    vga/Hsync_OBUF_inst_i_3_n_0
    SLICE_X1Y28          LUT6 (Prop_lut6_I5_O)        0.124     8.077 r  vga/line_clk_i_1/O
                         net (fo=17, routed)          0.561     8.638    vga/clear
    SLICE_X0Y29          FDRE                                         r  vga/h_val_reg[14]/R
  -------------------------------------------------------------------    -------------------

                         (clock sys_clk_pin rise edge)
                                                     10.000    10.000 r  
    W5                                                0.000    10.000 r  clk (IN)
                         net (fo=0)                   0.000    10.000    clk
    W5                   IBUF (Prop_ibuf_I_O)         1.388    11.388 r  clk_IBUF_inst/O
                         net (fo=1, routed)           1.862    13.250    clk_IBUF
    BUFGCTRL_X0Y0        BUFG (Prop_bufg_I_O)         0.091    13.341 r  clk_IBUF_BUFG_inst/O
                         net (fo=17, routed)          1.508    14.849    vga/clk
    SLICE_X0Y29          FDRE                                         r  vga/h_val_reg[14]/C
                         clock pessimism              0.297    15.146    
                         clock uncertainty           -0.035    15.111    
    SLICE_X0Y29          FDRE (Setup_fdre_C_R)       -0.429    14.682    vga/h_val_reg[14]
  -------------------------------------------------------------------
                         required time                         14.682    
                         arrival time                          -8.638    
  -------------------------------------------------------------------
                         slack                                  6.044    

Slack (MET) :             6.044ns  (required time - arrival time)
  Source:                 vga/h_val_reg[14]/C
                            (rising edge-triggered cell FDRE clocked by sys_clk_pin  {rise@0.000ns fall@5.000ns period=10.000ns})
  Destination:            vga/h_val_reg[15]/R
                            (rising edge-triggered cell FDRE clocked by sys_clk_pin  {rise@0.000ns fall@5.000ns period=10.000ns})
  Path Group:             sys_clk_pin
  Path Type:              Setup (Max at Slow Process Corner)
  Requirement:            10.000ns  (sys_clk_pin rise@10.000ns - sys_clk_pin rise@0.000ns)
  Data Path Delay:        3.492ns  (logic 0.828ns (23.714%)  route 2.664ns (76.286%))
  Logic Levels:           3  (LUT4=1 LUT6=2)
  Clock Path Skew:        0.000ns (DCD - SCD + CPR)
    Destination Clock Delay (DCD):    4.849ns = ( 14.849 - 10.000 ) 
    Source Clock Delay      (SCD):    5.146ns
    Clock Pessimism Removal (CPR):    0.297ns
  Clock Uncertainty:      0.035ns  ((TSJ^2 + TIJ^2)^1/2 + DJ) / 2 + PE
    Total System Jitter     (TSJ):    0.071ns
    Total Input Jitter      (TIJ):    0.000ns
    Discrete Jitter          (DJ):    0.000ns
    Phase Error              (PE):    0.000ns

    Location             Delay type                Incr(ns)  Path(ns)    Netlist Resource(s)
  -------------------------------------------------------------------    -------------------
                         (clock sys_clk_pin rise edge)
                                                      0.000     0.000 r  
    W5                                                0.000     0.000 r  clk (IN)
                         net (fo=0)                   0.000     0.000    clk
    W5                   IBUF (Prop_ibuf_I_O)         1.458     1.458 r  clk_IBUF_inst/O
                         net (fo=1, routed)           1.967     3.425    clk_IBUF
    BUFGCTRL_X0Y0        BUFG (Prop_bufg_I_O)         0.096     3.521 r  clk_IBUF_BUFG_inst/O
                         net (fo=17, routed)          1.625     5.146    vga/clk
    SLICE_X0Y29          FDRE                                         r  vga/h_val_reg[14]/C
  -------------------------------------------------------------------    -------------------
    SLICE_X0Y29          FDRE (Prop_fdre_C_Q)         0.456     5.602 r  vga/h_val_reg[14]/Q
                         net (fo=2, routed)           1.151     6.753    vga/h_val_reg[14]
    SLICE_X1Y28          LUT4 (Prop_lut4_I3_O)        0.124     6.877 r  vga/line_clk_i_2/O
                         net (fo=2, routed)           0.676     7.553    vga/line_clk_i_2_n_0
    SLICE_X1Y28          LUT6 (Prop_lut6_I0_O)        0.124     7.677 r  vga/Hsync_OBUF_inst_i_3/O
                         net (fo=2, routed)           0.276     7.953    vga/Hsync_OBUF_inst_i_3_n_0
    SLICE_X1Y28          LUT6 (Prop_lut6_I5_O)        0.124     8.077 r  vga/line_clk_i_1/O
                         net (fo=17, routed)          0.561     8.638    vga/clear
    SLICE_X0Y29          FDRE                                         r  vga/h_val_reg[15]/R
  -------------------------------------------------------------------    -------------------

                         (clock sys_clk_pin rise edge)
                                                     10.000    10.000 r  
    W5                                                0.000    10.000 r  clk (IN)
                         net (fo=0)                   0.000    10.000    clk
    W5                   IBUF (Prop_ibuf_I_O)         1.388    11.388 r  clk_IBUF_inst/O
                         net (fo=1, routed)           1.862    13.250    clk_IBUF
    BUFGCTRL_X0Y0        BUFG (Prop_bufg_I_O)         0.091    13.341 r  clk_IBUF_BUFG_inst/O
                         net (fo=17, routed)          1.508    14.849    vga/clk
    SLICE_X0Y29          FDRE                                         r  vga/h_val_reg[15]/C
                         clock pessimism              0.297    15.146    
                         clock uncertainty           -0.035    15.111    
    SLICE_X0Y29          FDRE (Setup_fdre_C_R)       -0.429    14.682    vga/h_val_reg[15]
  -------------------------------------------------------------------
                         required time                         14.682    
                         arrival time                          -8.638    
  -------------------------------------------------------------------
                         slack                                  6.044    

Slack (MET) :             6.050ns  (required time - arrival time)
  Source:                 vga/h_val_reg[14]/C
                            (rising edge-triggered cell FDRE clocked by sys_clk_pin  {rise@0.000ns fall@5.000ns period=10.000ns})
  Destination:            vga/h_val_reg[0]/R
                            (rising edge-triggered cell FDRE clocked by sys_clk_pin  {rise@0.000ns fall@5.000ns period=10.000ns})
  Path Group:             sys_clk_pin
  Path Type:              Setup (Max at Slow Process Corner)
  Requirement:            10.000ns  (sys_clk_pin rise@10.000ns - sys_clk_pin rise@0.000ns)
  Data Path Delay:        3.459ns  (logic 0.828ns (23.940%)  route 2.631ns (76.060%))
  Logic Levels:           3  (LUT4=1 LUT6=2)
  Clock Path Skew:        -0.027ns (DCD - SCD + CPR)
    Destination Clock Delay (DCD):    4.845ns = ( 14.845 - 10.000 ) 
    Source Clock Delay      (SCD):    5.146ns
    Clock Pessimism Removal (CPR):    0.274ns
  Clock Uncertainty:      0.035ns  ((TSJ^2 + TIJ^2)^1/2 + DJ) / 2 + PE
    Total System Jitter     (TSJ):    0.071ns
    Total Input Jitter      (TIJ):    0.000ns
    Discrete Jitter          (DJ):    0.000ns
    Phase Error              (PE):    0.000ns

    Location             Delay type                Incr(ns)  Path(ns)    Netlist Resource(s)
  -------------------------------------------------------------------    -------------------
                         (clock sys_clk_pin rise edge)
                                                      0.000     0.000 r  
    W5                                                0.000     0.000 r  clk (IN)
                         net (fo=0)                   0.000     0.000    clk
    W5                   IBUF (Prop_ibuf_I_O)         1.458     1.458 r  clk_IBUF_inst/O
                         net (fo=1, routed)           1.967     3.425    clk_IBUF
    BUFGCTRL_X0Y0        BUFG (Prop_bufg_I_O)         0.096     3.521 r  clk_IBUF_BUFG_inst/O
                         net (fo=17, routed)          1.625     5.146    vga/clk
    SLICE_X0Y29          FDRE                                         r  vga/h_val_reg[14]/C
  -------------------------------------------------------------------    -------------------
    SLICE_X0Y29          FDRE (Prop_fdre_C_Q)         0.456     5.602 r  vga/h_val_reg[14]/Q
                         net (fo=2, routed)           1.151     6.753    vga/h_val_reg[14]
    SLICE_X1Y28          LUT4 (Prop_lut4_I3_O)        0.124     6.877 r  vga/line_clk_i_2/O
                         net (fo=2, routed)           0.676     7.553    vga/line_clk_i_2_n_0
    SLICE_X1Y28          LUT6 (Prop_lut6_I0_O)        0.124     7.677 r  vga/Hsync_OBUF_inst_i_3/O
                         net (fo=2, routed)           0.276     7.953    vga/Hsync_OBUF_inst_i_3_n_0
    SLICE_X1Y28          LUT6 (Prop_lut6_I5_O)        0.124     8.077 r  vga/line_clk_i_1/O
                         net (fo=17, routed)          0.528     8.605    vga/clear
    SLICE_X0Y26          FDRE                                         r  vga/h_val_reg[0]/R
  -------------------------------------------------------------------    -------------------

                         (clock sys_clk_pin rise edge)
                                                     10.000    10.000 r  
    W5                                                0.000    10.000 r  clk (IN)
                         net (fo=0)                   0.000    10.000    clk
    W5                   IBUF (Prop_ibuf_I_O)         1.388    11.388 r  clk_IBUF_inst/O
                         net (fo=1, routed)           1.862    13.250    clk_IBUF
    BUFGCTRL_X0Y0        BUFG (Prop_bufg_I_O)         0.091    13.341 r  clk_IBUF_BUFG_inst/O
                         net (fo=17, routed)          1.504    14.845    vga/clk
    SLICE_X0Y26          FDRE                                         r  vga/h_val_reg[0]/C
                         clock pessimism              0.274    15.119    
                         clock uncertainty           -0.035    15.084    
    SLICE_X0Y26          FDRE (Setup_fdre_C_R)       -0.429    14.655    vga/h_val_reg[0]
  -------------------------------------------------------------------
                         required time                         14.655    
                         arrival time                          -8.605    
  -------------------------------------------------------------------
                         slack                                  6.050    

Slack (MET) :             6.050ns  (required time - arrival time)
  Source:                 vga/h_val_reg[14]/C
                            (rising edge-triggered cell FDRE clocked by sys_clk_pin  {rise@0.000ns fall@5.000ns period=10.000ns})
  Destination:            vga/h_val_reg[1]/R
                            (rising edge-triggered cell FDRE clocked by sys_clk_pin  {rise@0.000ns fall@5.000ns period=10.000ns})
  Path Group:             sys_clk_pin
  Path Type:              Setup (Max at Slow Process Corner)
  Requirement:            10.000ns  (sys_clk_pin rise@10.000ns - sys_clk_pin rise@0.000ns)
  Data Path Delay:        3.459ns  (logic 0.828ns (23.940%)  route 2.631ns (76.060%))
  Logic Levels:           3  (LUT4=1 LUT6=2)
  Clock Path Skew:        -0.027ns (DCD - SCD + CPR)
    Destination Clock Delay (DCD):    4.845ns = ( 14.845 - 10.000 ) 
    Source Clock Delay      (SCD):    5.146ns
    Clock Pessimism Removal (CPR):    0.274ns
  Clock Uncertainty:      0.035ns  ((TSJ^2 + TIJ^2)^1/2 + DJ) / 2 + PE
    Total System Jitter     (TSJ):    0.071ns
    Total Input Jitter      (TIJ):    0.000ns
    Discrete Jitter          (DJ):    0.000ns
    Phase Error              (PE):    0.000ns

    Location             Delay type                Incr(ns)  Path(ns)    Netlist Resource(s)
  -------------------------------------------------------------------    -------------------
                         (clock sys_clk_pin rise edge)
                                                      0.000     0.000 r  
    W5                                                0.000     0.000 r  clk (IN)
                         net (fo=0)                   0.000     0.000    clk
    W5                   IBUF (Prop_ibuf_I_O)         1.458     1.458 r  clk_IBUF_inst/O
                         net (fo=1, routed)           1.967     3.425    clk_IBUF
    BUFGCTRL_X0Y0        BUFG (Prop_bufg_I_O)         0.096     3.521 r  clk_IBUF_BUFG_inst/O
                         net (fo=17, routed)          1.625     5.146    vga/clk
    SLICE_X0Y29          FDRE                                         r  vga/h_val_reg[14]/C
  -------------------------------------------------------------------    -------------------
    SLICE_X0Y29          FDRE (Prop_fdre_C_Q)         0.456     5.602 r  vga/h_val_reg[14]/Q
                         net (fo=2, routed)           1.151     6.753    vga/h_val_reg[14]
    SLICE_X1Y28          LUT4 (Prop_lut4_I3_O)        0.124     6.877 r  vga/line_clk_i_2/O
                         net (fo=2, routed)           0.676     7.553    vga/line_clk_i_2_n_0
    SLICE_X1Y28          LUT6 (Prop_lut6_I0_O)        0.124     7.677 r  vga/Hsync_OBUF_inst_i_3/O
                         net (fo=2, routed)           0.276     7.953    vga/Hsync_OBUF_inst_i_3_n_0
    SLICE_X1Y28          LUT6 (Prop_lut6_I5_O)        0.124     8.077 r  vga/line_clk_i_1/O
                         net (fo=17, routed)          0.528     8.605    vga/clear
    SLICE_X0Y26          FDRE                                         r  vga/h_val_reg[1]/R
  -------------------------------------------------------------------    -------------------

                         (clock sys_clk_pin rise edge)
                                                     10.000    10.000 r  
    W5                                                0.000    10.000 r  clk (IN)
                         net (fo=0)                   0.000    10.000    clk
    W5                   IBUF (Prop_ibuf_I_O)         1.388    11.388 r  clk_IBUF_inst/O
                         net (fo=1, routed)           1.862    13.250    clk_IBUF
    BUFGCTRL_X0Y0        BUFG (Prop_bufg_I_O)         0.091    13.341 r  clk_IBUF_BUFG_inst/O
                         net (fo=17, routed)          1.504    14.845    vga/clk
    SLICE_X0Y26          FDRE                                         r  vga/h_val_reg[1]/C
                         clock pessimism              0.274    15.119    
                         clock uncertainty           -0.035    15.084    
    SLICE_X0Y26          FDRE (Setup_fdre_C_R)       -0.429    14.655    vga/h_val_reg[1]
  -------------------------------------------------------------------
                         required time                         14.655    
                         arrival time                          -8.605    
  -------------------------------------------------------------------
                         slack                                  6.050    





Min Delay Paths
--------------------------------------------------------------------------------------
Slack (MET) :             0.324ns  (arrival time - required time)
  Source:                 vga/h_val_reg[0]/C
                            (rising edge-triggered cell FDRE clocked by sys_clk_pin  {rise@0.000ns fall@5.000ns period=10.000ns})
  Destination:            vga/h_val_reg[0]/D
                            (rising edge-triggered cell FDRE clocked by sys_clk_pin  {rise@0.000ns fall@5.000ns period=10.000ns})
  Path Group:             sys_clk_pin
  Path Type:              Hold (Min at Fast Process Corner)
  Requirement:            0.000ns  (sys_clk_pin rise@0.000ns - sys_clk_pin rise@0.000ns)
  Data Path Delay:        0.429ns  (logic 0.256ns (59.730%)  route 0.173ns (40.270%))
  Logic Levels:           2  (CARRY4=1 LUT1=1)
  Clock Path Skew:        0.000ns (DCD - SCD - CPR)
    Destination Clock Delay (DCD):    1.978ns
    Source Clock Delay      (SCD):    1.466ns
    Clock Pessimism Removal (CPR):    0.512ns

    Location             Delay type                Incr(ns)  Path(ns)    Netlist Resource(s)
  -------------------------------------------------------------------    -------------------
                         (clock sys_clk_pin rise edge)
                                                      0.000     0.000 r  
    W5                                                0.000     0.000 r  clk (IN)
                         net (fo=0)                   0.000     0.000    clk
    W5                   IBUF (Prop_ibuf_I_O)         0.226     0.226 r  clk_IBUF_inst/O
                         net (fo=1, routed)           0.631     0.858    clk_IBUF
    BUFGCTRL_X0Y0        BUFG (Prop_bufg_I_O)         0.026     0.884 r  clk_IBUF_BUFG_inst/O
                         net (fo=17, routed)          0.583     1.466    vga/clk
    SLICE_X0Y26          FDRE                                         r  vga/h_val_reg[0]/C
  -------------------------------------------------------------------    -------------------
    SLICE_X0Y26          FDRE (Prop_fdre_C_Q)         0.141     1.607 f  vga/h_val_reg[0]/Q
                         net (fo=1, routed)           0.173     1.780    vga/h_val_reg_n_0_[0]
    SLICE_X0Y26          LUT1 (Prop_lut1_I0_O)        0.045     1.825 r  vga/h_val[0]_i_2/O
                         net (fo=1, routed)           0.000     1.825    vga/h_val[0]_i_2_n_0
    SLICE_X0Y26          CARRY4 (Prop_carry4_S[0]_O[0])
                                                      0.070     1.895 r  vga/h_val_reg[0]_i_1/O[0]
                         net (fo=1, routed)           0.000     1.895    vga/h_val_reg[0]_i_1_n_7
    SLICE_X0Y26          FDRE                                         r  vga/h_val_reg[0]/D
  -------------------------------------------------------------------    -------------------

                         (clock sys_clk_pin rise edge)
                                                      0.000     0.000 r  
    W5                                                0.000     0.000 r  clk (IN)
                         net (fo=0)                   0.000     0.000    clk
    W5                   IBUF (Prop_ibuf_I_O)         0.414     0.414 r  clk_IBUF_inst/O
                         net (fo=1, routed)           0.685     1.099    clk_IBUF
    BUFGCTRL_X0Y0        BUFG (Prop_bufg_I_O)         0.029     1.128 r  clk_IBUF_BUFG_inst/O
                         net (fo=17, routed)          0.851     1.978    vga/clk
    SLICE_X0Y26          FDRE                                         r  vga/h_val_reg[0]/C
                         clock pessimism             -0.512     1.466    
    SLICE_X0Y26          FDRE (Hold_fdre_C_D)         0.105     1.571    vga/h_val_reg[0]
  -------------------------------------------------------------------
                         required time                         -1.571    
                         arrival time                           1.895    
  -------------------------------------------------------------------
                         slack                                  0.324    

Slack (MET) :             0.330ns  (arrival time - required time)
  Source:                 vga/h_val_reg[15]/C
                            (rising edge-triggered cell FDRE clocked by sys_clk_pin  {rise@0.000ns fall@5.000ns period=10.000ns})
  Destination:            vga/h_val_reg[15]/D
                            (rising edge-triggered cell FDRE clocked by sys_clk_pin  {rise@0.000ns fall@5.000ns period=10.000ns})
  Path Group:             sys_clk_pin
  Path Type:              Hold (Min at Fast Process Corner)
  Requirement:            0.000ns  (sys_clk_pin rise@0.000ns - sys_clk_pin rise@0.000ns)
  Data Path Delay:        0.435ns  (logic 0.249ns (57.277%)  route 0.186ns (42.723%))
  Logic Levels:           1  (CARRY4=1)
  Clock Path Skew:        0.000ns (DCD - SCD - CPR)
    Destination Clock Delay (DCD):    1.982ns
    Source Clock Delay      (SCD):    1.469ns
    Clock Pessimism Removal (CPR):    0.513ns

    Location             Delay type                Incr(ns)  Path(ns)    Netlist Resource(s)
  -------------------------------------------------------------------    -------------------
                         (clock sys_clk_pin rise edge)
                                                      0.000     0.000 r  
    W5                                                0.000     0.000 r  clk (IN)
                         net (fo=0)                   0.000     0.000    clk
    W5                   IBUF (Prop_ibuf_I_O)         0.226     0.226 r  clk_IBUF_inst/O
                         net (fo=1, routed)           0.631     0.858    clk_IBUF
    BUFGCTRL_X0Y0        BUFG (Prop_bufg_I_O)         0.026     0.884 r  clk_IBUF_BUFG_inst/O
                         net (fo=17, routed)          0.586     1.469    vga/clk
    SLICE_X0Y29          FDRE                                         r  vga/h_val_reg[15]/C
  -------------------------------------------------------------------    -------------------
    SLICE_X0Y29          FDRE (Prop_fdre_C_Q)         0.141     1.610 r  vga/h_val_reg[15]/Q
                         net (fo=2, routed)           0.186     1.796    vga/h_val_reg[15]
    SLICE_X0Y29          CARRY4 (Prop_carry4_S[3]_O[3])
                                                      0.108     1.904 r  vga/h_val_reg[12]_i_1/O[3]
                         net (fo=1, routed)           0.000     1.904    vga/h_val_reg[12]_i_1_n_4
    SLICE_X0Y29          FDRE                                         r  vga/h_val_reg[15]/D
  -------------------------------------------------------------------    -------------------

                         (clock sys_clk_pin rise edge)
                                                      0.000     0.000 r  
    W5                                                0.000     0.000 r  clk (IN)
                         net (fo=0)                   0.000     0.000    clk
    W5                   IBUF (Prop_ibuf_I_O)         0.414     0.414 r  clk_IBUF_inst/O
                         net (fo=1, routed)           0.685     1.099    clk_IBUF
    BUFGCTRL_X0Y0        BUFG (Prop_bufg_I_O)         0.029     1.128 r  clk_IBUF_BUFG_inst/O
                         net (fo=17, routed)          0.855     1.982    vga/clk
    SLICE_X0Y29          FDRE                                         r  vga/h_val_reg[15]/C
                         clock pessimism             -0.513     1.469    
    SLICE_X0Y29          FDRE (Hold_fdre_C_D)         0.105     1.574    vga/h_val_reg[15]
  -------------------------------------------------------------------
                         required time                         -1.574    
                         arrival time                           1.904    
  -------------------------------------------------------------------
                         slack                                  0.330    

Slack (MET) :             0.338ns  (arrival time - required time)
  Source:                 vga/h_val_reg[12]/C
                            (rising edge-triggered cell FDRE clocked by sys_clk_pin  {rise@0.000ns fall@5.000ns period=10.000ns})
  Destination:            vga/h_val_reg[12]/D
                            (rising edge-triggered cell FDRE clocked by sys_clk_pin  {rise@0.000ns fall@5.000ns period=10.000ns})
  Path Group:             sys_clk_pin
  Path Type:              Hold (Min at Fast Process Corner)
  Requirement:            0.000ns  (sys_clk_pin rise@0.000ns - sys_clk_pin rise@0.000ns)
  Data Path Delay:        0.443ns  (logic 0.256ns (57.743%)  route 0.187ns (42.257%))
  Logic Levels:           1  (CARRY4=1)
  Clock Path Skew:        0.000ns (DCD - SCD - CPR)
    Destination Clock Delay (DCD):    1.982ns
    Source Clock Delay      (SCD):    1.469ns
    Clock Pessimism Removal (CPR):    0.513ns

    Location             Delay type                Incr(ns)  Path(ns)    Netlist Resource(s)
  -------------------------------------------------------------------    -------------------
                         (clock sys_clk_pin rise edge)
                                                      0.000     0.000 r  
    W5                                                0.000     0.000 r  clk (IN)
                         net (fo=0)                   0.000     0.000    clk
    W5                   IBUF (Prop_ibuf_I_O)         0.226     0.226 r  clk_IBUF_inst/O
                         net (fo=1, routed)           0.631     0.858    clk_IBUF
    BUFGCTRL_X0Y0        BUFG (Prop_bufg_I_O)         0.026     0.884 r  clk_IBUF_BUFG_inst/O
                         net (fo=17, routed)          0.586     1.469    vga/clk
    SLICE_X0Y29          FDRE                                         r  vga/h_val_reg[12]/C
  -------------------------------------------------------------------    -------------------
    SLICE_X0Y29          FDRE (Prop_fdre_C_Q)         0.141     1.610 r  vga/h_val_reg[12]/Q
                         net (fo=2, routed)           0.187     1.797    vga/h_val_reg[12]
    SLICE_X0Y29          CARRY4 (Prop_carry4_S[0]_O[0])
                                                      0.115     1.912 r  vga/h_val_reg[12]_i_1/O[0]
                         net (fo=1, routed)           0.000     1.912    vga/h_val_reg[12]_i_1_n_7
    SLICE_X0Y29          FDRE                                         r  vga/h_val_reg[12]/D
  -------------------------------------------------------------------    -------------------

                         (clock sys_clk_pin rise edge)
                                                      0.000     0.000 r  
    W5                                                0.000     0.000 r  clk (IN)
                         net (fo=0)                   0.000     0.000    clk
    W5                   IBUF (Prop_ibuf_I_O)         0.414     0.414 r  clk_IBUF_inst/O
                         net (fo=1, routed)           0.685     1.099    clk_IBUF
    BUFGCTRL_X0Y0        BUFG (Prop_bufg_I_O)         0.029     1.128 r  clk_IBUF_BUFG_inst/O
                         net (fo=17, routed)          0.855     1.982    vga/clk
    SLICE_X0Y29          FDRE                                         r  vga/h_val_reg[12]/C
                         clock pessimism             -0.513     1.469    
    SLICE_X0Y29          FDRE (Hold_fdre_C_D)         0.105     1.574    vga/h_val_reg[12]
  -------------------------------------------------------------------
                         required time                         -1.574    
                         arrival time                           1.912    
  -------------------------------------------------------------------
                         slack                                  0.338    

Slack (MET) :             0.339ns  (arrival time - required time)
  Source:                 vga/h_val_reg[3]/C
                            (rising edge-triggered cell FDRE clocked by sys_clk_pin  {rise@0.000ns fall@5.000ns period=10.000ns})
  Destination:            vga/h_val_reg[3]/D
                            (rising edge-triggered cell FDRE clocked by sys_clk_pin  {rise@0.000ns fall@5.000ns period=10.000ns})
  Path Group:             sys_clk_pin
  Path Type:              Hold (Min at Fast Process Corner)
  Requirement:            0.000ns  (sys_clk_pin rise@0.000ns - sys_clk_pin rise@0.000ns)
  Data Path Delay:        0.444ns  (logic 0.249ns (56.082%)  route 0.195ns (43.918%))
  Logic Levels:           1  (CARRY4=1)
  Clock Path Skew:        0.000ns (DCD - SCD - CPR)
    Destination Clock Delay (DCD):    1.978ns
    Source Clock Delay      (SCD):    1.466ns
    Clock Pessimism Removal (CPR):    0.512ns

    Location             Delay type                Incr(ns)  Path(ns)    Netlist Resource(s)
  -------------------------------------------------------------------    -------------------
                         (clock sys_clk_pin rise edge)
                                                      0.000     0.000 r  
    W5                                                0.000     0.000 r  clk (IN)
                         net (fo=0)                   0.000     0.000    clk
    W5                   IBUF (Prop_ibuf_I_O)         0.226     0.226 r  clk_IBUF_inst/O
                         net (fo=1, routed)           0.631     0.858    clk_IBUF
    BUFGCTRL_X0Y0        BUFG (Prop_bufg_I_O)         0.026     0.884 r  clk_IBUF_BUFG_inst/O
                         net (fo=17, routed)          0.583     1.466    vga/clk
    SLICE_X0Y26          FDRE                                         r  vga/h_val_reg[3]/C
  -------------------------------------------------------------------    -------------------
    SLICE_X0Y26          FDRE (Prop_fdre_C_Q)         0.141     1.607 r  vga/h_val_reg[3]/Q
                         net (fo=2, routed)           0.195     1.802    vga/h_val_reg[3]
    SLICE_X0Y26          CARRY4 (Prop_carry4_S[3]_O[3])
                                                      0.108     1.910 r  vga/h_val_reg[0]_i_1/O[3]
                         net (fo=1, routed)           0.000     1.910    vga/h_val_reg[0]_i_1_n_4
    SLICE_X0Y26          FDRE                                         r  vga/h_val_reg[3]/D
  -------------------------------------------------------------------    -------------------

                         (clock sys_clk_pin rise edge)
                                                      0.000     0.000 r  
    W5                                                0.000     0.000 r  clk (IN)
                         net (fo=0)                   0.000     0.000    clk
    W5                   IBUF (Prop_ibuf_I_O)         0.414     0.414 r  clk_IBUF_inst/O
                         net (fo=1, routed)           0.685     1.099    clk_IBUF
    BUFGCTRL_X0Y0        BUFG (Prop_bufg_I_O)         0.029     1.128 r  clk_IBUF_BUFG_inst/O
                         net (fo=17, routed)          0.851     1.978    vga/clk
    SLICE_X0Y26          FDRE                                         r  vga/h_val_reg[3]/C
                         clock pessimism             -0.512     1.466    
    SLICE_X0Y26          FDRE (Hold_fdre_C_D)         0.105     1.571    vga/h_val_reg[3]
  -------------------------------------------------------------------
                         required time                         -1.571    
                         arrival time                           1.910    
  -------------------------------------------------------------------
                         slack                                  0.339    

Slack (MET) :             0.351ns  (arrival time - required time)
  Source:                 vga/h_val_reg[4]/C
                            (rising edge-triggered cell FDRE clocked by sys_clk_pin  {rise@0.000ns fall@5.000ns period=10.000ns})
  Destination:            vga/h_val_reg[4]/D
                            (rising edge-triggered cell FDRE clocked by sys_clk_pin  {rise@0.000ns fall@5.000ns period=10.000ns})
  Path Group:             sys_clk_pin
  Path Type:              Hold (Min at Fast Process Corner)
  Requirement:            0.000ns  (sys_clk_pin rise@0.000ns - sys_clk_pin rise@0.000ns)
  Data Path Delay:        0.456ns  (logic 0.256ns (56.180%)  route 0.200ns (43.820%))
  Logic Levels:           1  (CARRY4=1)
  Clock Path Skew:        0.000ns (DCD - SCD - CPR)
    Destination Clock Delay (DCD):    1.980ns
    Source Clock Delay      (SCD):    1.468ns
    Clock Pessimism Removal (CPR):    0.512ns

    Location             Delay type                Incr(ns)  Path(ns)    Netlist Resource(s)
  -------------------------------------------------------------------    -------------------
                         (clock sys_clk_pin rise edge)
                                                      0.000     0.000 r  
    W5                                                0.000     0.000 r  clk (IN)
                         net (fo=0)                   0.000     0.000    clk
    W5                   IBUF (Prop_ibuf_I_O)         0.226     0.226 r  clk_IBUF_inst/O
                         net (fo=1, routed)           0.631     0.858    clk_IBUF
    BUFGCTRL_X0Y0        BUFG (Prop_bufg_I_O)         0.026     0.884 r  clk_IBUF_BUFG_inst/O
                         net (fo=17, routed)          0.585     1.468    vga/clk
    SLICE_X0Y27          FDRE                                         r  vga/h_val_reg[4]/C
  -------------------------------------------------------------------    -------------------
    SLICE_X0Y27          FDRE (Prop_fdre_C_Q)         0.141     1.609 r  vga/h_val_reg[4]/Q
                         net (fo=3, routed)           0.200     1.809    vga/h_val_reg[4]
    SLICE_X0Y27          CARRY4 (Prop_carry4_S[0]_O[0])
                                                      0.115     1.924 r  vga/h_val_reg[4]_i_1/O[0]
                         net (fo=1, routed)           0.000     1.924    vga/h_val_reg[4]_i_1_n_7
    SLICE_X0Y27          FDRE                                         r  vga/h_val_reg[4]/D
  -------------------------------------------------------------------    -------------------

                         (clock sys_clk_pin rise edge)
                                                      0.000     0.000 r  
    W5                                                0.000     0.000 r  clk (IN)
                         net (fo=0)                   0.000     0.000    clk
    W5                   IBUF (Prop_ibuf_I_O)         0.414     0.414 r  clk_IBUF_inst/O
                         net (fo=1, routed)           0.685     1.099    clk_IBUF
    BUFGCTRL_X0Y0        BUFG (Prop_bufg_I_O)         0.029     1.128 r  clk_IBUF_BUFG_inst/O
                         net (fo=17, routed)          0.853     1.980    vga/clk
    SLICE_X0Y27          FDRE                                         r  vga/h_val_reg[4]/C
                         clock pessimism             -0.512     1.468    
    SLICE_X0Y27          FDRE (Hold_fdre_C_D)         0.105     1.573    vga/h_val_reg[4]
  -------------------------------------------------------------------
                         required time                         -1.573    
                         arrival time                           1.924    
  -------------------------------------------------------------------
                         slack                                  0.351    

Slack (MET) :             0.360ns  (arrival time - required time)
  Source:                 vga/h_val_reg[0]/C
                            (rising edge-triggered cell FDRE clocked by sys_clk_pin  {rise@0.000ns fall@5.000ns period=10.000ns})
  Destination:            vga/h_val_reg[1]/D
                            (rising edge-triggered cell FDRE clocked by sys_clk_pin  {rise@0.000ns fall@5.000ns period=10.000ns})
  Path Group:             sys_clk_pin
  Path Type:              Hold (Min at Fast Process Corner)
  Requirement:            0.000ns  (sys_clk_pin rise@0.000ns - sys_clk_pin rise@0.000ns)
  Data Path Delay:        0.465ns  (logic 0.292ns (62.850%)  route 0.173ns (37.150%))
  Logic Levels:           2  (CARRY4=1 LUT1=1)
  Clock Path Skew:        0.000ns (DCD - SCD - CPR)
    Destination Clock Delay (DCD):    1.978ns
    Source Clock Delay      (SCD):    1.466ns
    Clock Pessimism Removal (CPR):    0.512ns

    Location             Delay type                Incr(ns)  Path(ns)    Netlist Resource(s)
  -------------------------------------------------------------------    -------------------
                         (clock sys_clk_pin rise edge)
                                                      0.000     0.000 r  
    W5                                                0.000     0.000 r  clk (IN)
                         net (fo=0)                   0.000     0.000    clk
    W5                   IBUF (Prop_ibuf_I_O)         0.226     0.226 r  clk_IBUF_inst/O
                         net (fo=1, routed)           0.631     0.858    clk_IBUF
    BUFGCTRL_X0Y0        BUFG (Prop_bufg_I_O)         0.026     0.884 r  clk_IBUF_BUFG_inst/O
                         net (fo=17, routed)          0.583     1.466    vga/clk
    SLICE_X0Y26          FDRE                                         r  vga/h_val_reg[0]/C
  -------------------------------------------------------------------    -------------------
    SLICE_X0Y26          FDRE (Prop_fdre_C_Q)         0.141     1.607 f  vga/h_val_reg[0]/Q
                         net (fo=1, routed)           0.173     1.780    vga/h_val_reg_n_0_[0]
    SLICE_X0Y26          LUT1 (Prop_lut1_I0_O)        0.045     1.825 r  vga/h_val[0]_i_2/O
                         net (fo=1, routed)           0.000     1.825    vga/h_val[0]_i_2_n_0
    SLICE_X0Y26          CARRY4 (Prop_carry4_S[0]_O[1])
                                                      0.106     1.931 r  vga/h_val_reg[0]_i_1/O[1]
                         net (fo=1, routed)           0.000     1.931    vga/h_val_reg[0]_i_1_n_6
    SLICE_X0Y26          FDRE                                         r  vga/h_val_reg[1]/D
  -------------------------------------------------------------------    -------------------

                         (clock sys_clk_pin rise edge)
                                                      0.000     0.000 r  
    W5                                                0.000     0.000 r  clk (IN)
                         net (fo=0)                   0.000     0.000    clk
    W5                   IBUF (Prop_ibuf_I_O)         0.414     0.414 r  clk_IBUF_inst/O
                         net (fo=1, routed)           0.685     1.099    clk_IBUF
    BUFGCTRL_X0Y0        BUFG (Prop_bufg_I_O)         0.029     1.128 r  clk_IBUF_BUFG_inst/O
                         net (fo=17, routed)          0.851     1.978    vga/clk
    SLICE_X0Y26          FDRE                                         r  vga/h_val_reg[1]/C
                         clock pessimism             -0.512     1.466    
    SLICE_X0Y26          FDRE (Hold_fdre_C_D)         0.105     1.571    vga/h_val_reg[1]
  -------------------------------------------------------------------
                         required time                         -1.571    
                         arrival time                           1.931    
  -------------------------------------------------------------------
                         slack                                  0.360    

Slack (MET) :             0.374ns  (arrival time - required time)
  Source:                 vga/h_val_reg[12]/C
                            (rising edge-triggered cell FDRE clocked by sys_clk_pin  {rise@0.000ns fall@5.000ns period=10.000ns})
  Destination:            vga/h_val_reg[13]/D
                            (rising edge-triggered cell FDRE clocked by sys_clk_pin  {rise@0.000ns fall@5.000ns period=10.000ns})
  Path Group:             sys_clk_pin
  Path Type:              Hold (Min at Fast Process Corner)
  Requirement:            0.000ns  (sys_clk_pin rise@0.000ns - sys_clk_pin rise@0.000ns)
  Data Path Delay:        0.479ns  (logic 0.292ns (60.917%)  route 0.187ns (39.083%))
  Logic Levels:           1  (CARRY4=1)
  Clock Path Skew:        0.000ns (DCD - SCD - CPR)
    Destination Clock Delay (DCD):    1.982ns
    Source Clock Delay      (SCD):    1.469ns
    Clock Pessimism Removal (CPR):    0.513ns

    Location             Delay type                Incr(ns)  Path(ns)    Netlist Resource(s)
  -------------------------------------------------------------------    -------------------
                         (clock sys_clk_pin rise edge)
                                                      0.000     0.000 r  
    W5                                                0.000     0.000 r  clk (IN)
                         net (fo=0)                   0.000     0.000    clk
    W5                   IBUF (Prop_ibuf_I_O)         0.226     0.226 r  clk_IBUF_inst/O
                         net (fo=1, routed)           0.631     0.858    clk_IBUF
    BUFGCTRL_X0Y0        BUFG (Prop_bufg_I_O)         0.026     0.884 r  clk_IBUF_BUFG_inst/O
                         net (fo=17, routed)          0.586     1.469    vga/clk
    SLICE_X0Y29          FDRE                                         r  vga/h_val_reg[12]/C
  -------------------------------------------------------------------    -------------------
    SLICE_X0Y29          FDRE (Prop_fdre_C_Q)         0.141     1.610 r  vga/h_val_reg[12]/Q
                         net (fo=2, routed)           0.187     1.797    vga/h_val_reg[12]
    SLICE_X0Y29          CARRY4 (Prop_carry4_S[0]_O[1])
                                                      0.151     1.948 r  vga/h_val_reg[12]_i_1/O[1]
                         net (fo=1, routed)           0.000     1.948    vga/h_val_reg[12]_i_1_n_6
    SLICE_X0Y29          FDRE                                         r  vga/h_val_reg[13]/D
  -------------------------------------------------------------------    -------------------

                         (clock sys_clk_pin rise edge)
                                                      0.000     0.000 r  
    W5                                                0.000     0.000 r  clk (IN)
                         net (fo=0)                   0.000     0.000    clk
    W5                   IBUF (Prop_ibuf_I_O)         0.414     0.414 r  clk_IBUF_inst/O
                         net (fo=1, routed)           0.685     1.099    clk_IBUF
    BUFGCTRL_X0Y0        BUFG (Prop_bufg_I_O)         0.029     1.128 r  clk_IBUF_BUFG_inst/O
                         net (fo=17, routed)          0.855     1.982    vga/clk
    SLICE_X0Y29          FDRE                                         r  vga/h_val_reg[13]/C
                         clock pessimism             -0.513     1.469    
    SLICE_X0Y29          FDRE (Hold_fdre_C_D)         0.105     1.574    vga/h_val_reg[13]
  -------------------------------------------------------------------
                         required time                         -1.574    
                         arrival time                           1.948    
  -------------------------------------------------------------------
                         slack                                  0.374    

Slack (MET) :             0.387ns  (arrival time - required time)
  Source:                 vga/h_val_reg[4]/C
                            (rising edge-triggered cell FDRE clocked by sys_clk_pin  {rise@0.000ns fall@5.000ns period=10.000ns})
  Destination:            vga/h_val_reg[5]/D
                            (rising edge-triggered cell FDRE clocked by sys_clk_pin  {rise@0.000ns fall@5.000ns period=10.000ns})
  Path Group:             sys_clk_pin
  Path Type:              Hold (Min at Fast Process Corner)
  Requirement:            0.000ns  (sys_clk_pin rise@0.000ns - sys_clk_pin rise@0.000ns)
  Data Path Delay:        0.492ns  (logic 0.292ns (59.388%)  route 0.200ns (40.612%))
  Logic Levels:           1  (CARRY4=1)
  Clock Path Skew:        0.000ns (DCD - SCD - CPR)
    Destination Clock Delay (DCD):    1.980ns
    Source Clock Delay      (SCD):    1.468ns
    Clock Pessimism Removal (CPR):    0.512ns

    Location             Delay type                Incr(ns)  Path(ns)    Netlist Resource(s)
  -------------------------------------------------------------------    -------------------
                         (clock sys_clk_pin rise edge)
                                                      0.000     0.000 r  
    W5                                                0.000     0.000 r  clk (IN)
                         net (fo=0)                   0.000     0.000    clk
    W5                   IBUF (Prop_ibuf_I_O)         0.226     0.226 r  clk_IBUF_inst/O
                         net (fo=1, routed)           0.631     0.858    clk_IBUF
    BUFGCTRL_X0Y0        BUFG (Prop_bufg_I_O)         0.026     0.884 r  clk_IBUF_BUFG_inst/O
                         net (fo=17, routed)          0.585     1.468    vga/clk
    SLICE_X0Y27          FDRE                                         r  vga/h_val_reg[4]/C
  -------------------------------------------------------------------    -------------------
    SLICE_X0Y27          FDRE (Prop_fdre_C_Q)         0.141     1.609 r  vga/h_val_reg[4]/Q
                         net (fo=3, routed)           0.200     1.809    vga/h_val_reg[4]
    SLICE_X0Y27          CARRY4 (Prop_carry4_S[0]_O[1])
                                                      0.151     1.960 r  vga/h_val_reg[4]_i_1/O[1]
                         net (fo=1, routed)           0.000     1.960    vga/h_val_reg[4]_i_1_n_6
    SLICE_X0Y27          FDRE                                         r  vga/h_val_reg[5]/D
  -------------------------------------------------------------------    -------------------

                         (clock sys_clk_pin rise edge)
                                                      0.000     0.000 r  
    W5                                                0.000     0.000 r  clk (IN)
                         net (fo=0)                   0.000     0.000    clk
    W5                   IBUF (Prop_ibuf_I_O)         0.414     0.414 r  clk_IBUF_inst/O
                         net (fo=1, routed)           0.685     1.099    clk_IBUF
    BUFGCTRL_X0Y0        BUFG (Prop_bufg_I_O)         0.029     1.128 r  clk_IBUF_BUFG_inst/O
                         net (fo=17, routed)          0.853     1.980    vga/clk
    SLICE_X0Y27          FDRE                                         r  vga/h_val_reg[5]/C
                         clock pessimism             -0.512     1.468    
    SLICE_X0Y27          FDRE (Hold_fdre_C_D)         0.105     1.573    vga/h_val_reg[5]
  -------------------------------------------------------------------
                         required time                         -1.573    
                         arrival time                           1.960    
  -------------------------------------------------------------------
                         slack                                  0.387    

Slack (MET) :             0.400ns  (arrival time - required time)
  Source:                 vga/h_val_reg[0]/C
                            (rising edge-triggered cell FDRE clocked by sys_clk_pin  {rise@0.000ns fall@5.000ns period=10.000ns})
  Destination:            vga/h_val_reg[2]/D
                            (rising edge-triggered cell FDRE clocked by sys_clk_pin  {rise@0.000ns fall@5.000ns period=10.000ns})
  Path Group:             sys_clk_pin
  Path Type:              Hold (Min at Fast Process Corner)
  Requirement:            0.000ns  (sys_clk_pin rise@0.000ns - sys_clk_pin rise@0.000ns)
  Data Path Delay:        0.505ns  (logic 0.332ns (65.795%)  route 0.173ns (34.205%))
  Logic Levels:           2  (CARRY4=1 LUT1=1)
  Clock Path Skew:        0.000ns (DCD - SCD - CPR)
    Destination Clock Delay (DCD):    1.978ns
    Source Clock Delay      (SCD):    1.466ns
    Clock Pessimism Removal (CPR):    0.512ns

    Location             Delay type                Incr(ns)  Path(ns)    Netlist Resource(s)
  -------------------------------------------------------------------    -------------------
                         (clock sys_clk_pin rise edge)
                                                      0.000     0.000 r  
    W5                                                0.000     0.000 r  clk (IN)
                         net (fo=0)                   0.000     0.000    clk
    W5                   IBUF (Prop_ibuf_I_O)         0.226     0.226 r  clk_IBUF_inst/O
                         net (fo=1, routed)           0.631     0.858    clk_IBUF
    BUFGCTRL_X0Y0        BUFG (Prop_bufg_I_O)         0.026     0.884 r  clk_IBUF_BUFG_inst/O
                         net (fo=17, routed)          0.583     1.466    vga/clk
    SLICE_X0Y26          FDRE                                         r  vga/h_val_reg[0]/C
  -------------------------------------------------------------------    -------------------
    SLICE_X0Y26          FDRE (Prop_fdre_C_Q)         0.141     1.607 f  vga/h_val_reg[0]/Q
                         net (fo=1, routed)           0.173     1.780    vga/h_val_reg_n_0_[0]
    SLICE_X0Y26          LUT1 (Prop_lut1_I0_O)        0.045     1.825 r  vga/h_val[0]_i_2/O
                         net (fo=1, routed)           0.000     1.825    vga/h_val[0]_i_2_n_0
    SLICE_X0Y26          CARRY4 (Prop_carry4_S[0]_O[2])
                                                      0.146     1.971 r  vga/h_val_reg[0]_i_1/O[2]
                         net (fo=1, routed)           0.000     1.971    vga/h_val_reg[0]_i_1_n_5
    SLICE_X0Y26          FDRE                                         r  vga/h_val_reg[2]/D
  -------------------------------------------------------------------    -------------------

                         (clock sys_clk_pin rise edge)
                                                      0.000     0.000 r  
    W5                                                0.000     0.000 r  clk (IN)
                         net (fo=0)                   0.000     0.000    clk
    W5                   IBUF (Prop_ibuf_I_O)         0.414     0.414 r  clk_IBUF_inst/O
                         net (fo=1, routed)           0.685     1.099    clk_IBUF
    BUFGCTRL_X0Y0        BUFG (Prop_bufg_I_O)         0.029     1.128 r  clk_IBUF_BUFG_inst/O
                         net (fo=17, routed)          0.851     1.978    vga/clk
    SLICE_X0Y26          FDRE                                         r  vga/h_val_reg[2]/C
                         clock pessimism             -0.512     1.466    
    SLICE_X0Y26          FDRE (Hold_fdre_C_D)         0.105     1.571    vga/h_val_reg[2]
  -------------------------------------------------------------------
                         required time                         -1.571    
                         arrival time                           1.971    
  -------------------------------------------------------------------
                         slack                                  0.400    

Slack (MET) :             0.414ns  (arrival time - required time)
  Source:                 vga/h_val_reg[12]/C
                            (rising edge-triggered cell FDRE clocked by sys_clk_pin  {rise@0.000ns fall@5.000ns period=10.000ns})
  Destination:            vga/h_val_reg[14]/D
                            (rising edge-triggered cell FDRE clocked by sys_clk_pin  {rise@0.000ns fall@5.000ns period=10.000ns})
  Path Group:             sys_clk_pin
  Path Type:              Hold (Min at Fast Process Corner)
  Requirement:            0.000ns  (sys_clk_pin rise@0.000ns - sys_clk_pin rise@0.000ns)
  Data Path Delay:        0.519ns  (logic 0.332ns (63.927%)  route 0.187ns (36.073%))
  Logic Levels:           1  (CARRY4=1)
  Clock Path Skew:        0.000ns (DCD - SCD - CPR)
    Destination Clock Delay (DCD):    1.982ns
    Source Clock Delay      (SCD):    1.469ns
    Clock Pessimism Removal (CPR):    0.513ns

    Location             Delay type                Incr(ns)  Path(ns)    Netlist Resource(s)
  -------------------------------------------------------------------    -------------------
                         (clock sys_clk_pin rise edge)
                                                      0.000     0.000 r  
    W5                                                0.000     0.000 r  clk (IN)
                         net (fo=0)                   0.000     0.000    clk
    W5                   IBUF (Prop_ibuf_I_O)         0.226     0.226 r  clk_IBUF_inst/O
                         net (fo=1, routed)           0.631     0.858    clk_IBUF
    BUFGCTRL_X0Y0        BUFG (Prop_bufg_I_O)         0.026     0.884 r  clk_IBUF_BUFG_inst/O
                         net (fo=17, routed)          0.586     1.469    vga/clk
    SLICE_X0Y29          FDRE                                         r  vga/h_val_reg[12]/C
  -------------------------------------------------------------------    -------------------
    SLICE_X0Y29          FDRE (Prop_fdre_C_Q)         0.141     1.610 r  vga/h_val_reg[12]/Q
                         net (fo=2, routed)           0.187     1.797    vga/h_val_reg[12]
    SLICE_X0Y29          CARRY4 (Prop_carry4_S[0]_O[2])
                                                      0.191     1.988 r  vga/h_val_reg[12]_i_1/O[2]
                         net (fo=1, routed)           0.000     1.988    vga/h_val_reg[12]_i_1_n_5
    SLICE_X0Y29          FDRE                                         r  vga/h_val_reg[14]/D
  -------------------------------------------------------------------    -------------------

                         (clock sys_clk_pin rise edge)
                                                      0.000     0.000 r  
    W5                                                0.000     0.000 r  clk (IN)
                         net (fo=0)                   0.000     0.000    clk
    W5                   IBUF (Prop_ibuf_I_O)         0.414     0.414 r  clk_IBUF_inst/O
                         net (fo=1, routed)           0.685     1.099    clk_IBUF
    BUFGCTRL_X0Y0        BUFG (Prop_bufg_I_O)         0.029     1.128 r  clk_IBUF_BUFG_inst/O
                         net (fo=17, routed)          0.855     1.982    vga/clk
    SLICE_X0Y29          FDRE                                         r  vga/h_val_reg[14]/C
                         clock pessimism             -0.513     1.469    
    SLICE_X0Y29          FDRE (Hold_fdre_C_D)         0.105     1.574    vga/h_val_reg[14]
  -------------------------------------------------------------------
                         required time                         -1.574    
                         arrival time                           1.988    
  -------------------------------------------------------------------
                         slack                                  0.414    





Pulse Width Checks
--------------------------------------------------------------------------------------
Clock Name:         sys_clk_pin
Waveform(ns):       { 0.000 5.000 }
Period(ns):         10.000
Sources:            { clk }

Check Type        Corner  Lib Pin  Reference Pin  Required(ns)  Actual(ns)  Slack(ns)  Location       Pin
Min Period        n/a     BUFG/I   n/a            2.155         10.000      7.845      BUFGCTRL_X0Y0  clk_IBUF_BUFG_inst/I
Min Period        n/a     FDRE/C   n/a            1.000         10.000      9.000      SLICE_X0Y26    vga/h_val_reg[0]/C
Min Period        n/a     FDRE/C   n/a            1.000         10.000      9.000      SLICE_X0Y28    vga/h_val_reg[10]/C
Min Period        n/a     FDRE/C   n/a            1.000         10.000      9.000      SLICE_X0Y28    vga/h_val_reg[11]/C
Min Period        n/a     FDRE/C   n/a            1.000         10.000      9.000      SLICE_X0Y29    vga/h_val_reg[12]/C
Min Period        n/a     FDRE/C   n/a            1.000         10.000      9.000      SLICE_X0Y29    vga/h_val_reg[13]/C
Min Period        n/a     FDRE/C   n/a            1.000         10.000      9.000      SLICE_X0Y29    vga/h_val_reg[14]/C
Min Period        n/a     FDRE/C   n/a            1.000         10.000      9.000      SLICE_X0Y29    vga/h_val_reg[15]/C
Min Period        n/a     FDRE/C   n/a            1.000         10.000      9.000      SLICE_X0Y26    vga/h_val_reg[1]/C
Min Period        n/a     FDRE/C   n/a            1.000         10.000      9.000      SLICE_X0Y26    vga/h_val_reg[2]/C
Low Pulse Width   Fast    FDRE/C   n/a            0.500         5.000       4.500      SLICE_X0Y26    vga/h_val_reg[0]/C
Low Pulse Width   Slow    FDRE/C   n/a            0.500         5.000       4.500      SLICE_X0Y28    vga/h_val_reg[10]/C
Low Pulse Width   Fast    FDRE/C   n/a            0.500         5.000       4.500      SLICE_X0Y28    vga/h_val_reg[10]/C
Low Pulse Width   Slow    FDRE/C   n/a            0.500         5.000       4.500      SLICE_X0Y28    vga/h_val_reg[11]/C
Low Pulse Width   Fast    FDRE/C   n/a            0.500         5.000       4.500      SLICE_X0Y28    vga/h_val_reg[11]/C
Low Pulse Width   Slow    FDRE/C   n/a            0.500         5.000       4.500      SLICE_X0Y29    vga/h_val_reg[12]/C
Low Pulse Width   Slow    FDRE/C   n/a            0.500         5.000       4.500      SLICE_X0Y29    vga/h_val_reg[13]/C
Low Pulse Width   Slow    FDRE/C   n/a            0.500         5.000       4.500      SLICE_X0Y29    vga/h_val_reg[14]/C
Low Pulse Width   Slow    FDRE/C   n/a            0.500         5.000       4.500      SLICE_X0Y29    vga/h_val_reg[15]/C
Low Pulse Width   Fast    FDRE/C   n/a            0.500         5.000       4.500      SLICE_X0Y26    vga/h_val_reg[1]/C
High Pulse Width  Slow    FDRE/C   n/a            0.500         5.000       4.500      SLICE_X0Y26    vga/h_val_reg[0]/C
High Pulse Width  Slow    FDRE/C   n/a            0.500         5.000       4.500      SLICE_X0Y26    vga/h_val_reg[1]/C
High Pulse Width  Slow    FDRE/C   n/a            0.500         5.000       4.500      SLICE_X0Y26    vga/h_val_reg[2]/C
High Pulse Width  Slow    FDRE/C   n/a            0.500         5.000       4.500      SLICE_X0Y26    vga/h_val_reg[3]/C
High Pulse Width  Slow    FDRE/C   n/a            0.500         5.000       4.500      SLICE_X0Y27    vga/h_val_reg[4]/C
High Pulse Width  Slow    FDRE/C   n/a            0.500         5.000       4.500      SLICE_X0Y27    vga/h_val_reg[5]/C
High Pulse Width  Slow    FDRE/C   n/a            0.500         5.000       4.500      SLICE_X0Y27    vga/h_val_reg[6]/C
High Pulse Width  Slow    FDRE/C   n/a            0.500         5.000       4.500      SLICE_X0Y27    vga/h_val_reg[7]/C
High Pulse Width  Fast    FDRE/C   n/a            0.500         5.000       4.500      SLICE_X0Y26    vga/h_val_reg[0]/C
High Pulse Width  Slow    FDRE/C   n/a            0.500         5.000       4.500      SLICE_X0Y28    vga/h_val_reg[10]/C



